2026-03-08 14:52:47,903 INFO o.a.j.u.JMeterUtils: Setting Locale to en_EN
2026-03-08 14:52:47,941 INFO o.a.j.JMeter: Loading user properties from: /usr/local/Cellar/jmeter/5.6.3/libexec/bin/user.properties
2026-03-08 14:52:47,942 INFO o.a.j.JMeter: Loading system properties from: /usr/local/Cellar/jmeter/5.6.3/libexec/bin/system.properties
2026-03-08 14:52:47,955 INFO o.a.j.JMeter: Copyright (c) 1998-2024 The Apache Software Foundation
2026-03-08 14:52:47,956 INFO o.a.j.JMeter: Version 5.6.3
2026-03-08 14:52:47,956 INFO o.a.j.JMeter: java.version=21.0.10
2026-03-08 14:52:47,956 INFO o.a.j.JMeter: java.vm.name=OpenJDK 64-Bit Server VM
2026-03-08 14:52:47,956 INFO o.a.j.JMeter: os.name=Mac OS X
2026-03-08 14:52:47,956 INFO o.a.j.JMeter: os.arch=x86_64
2026-03-08 14:52:47,956 INFO o.a.j.JMeter: os.version=15.5
2026-03-08 14:52:47,956 INFO o.a.j.JMeter: file.encoding=UTF-8
2026-03-08 14:52:47,956 INFO o.a.j.JMeter: java.awt.headless=true
2026-03-08 14:52:47,956 INFO o.a.j.JMeter: Max memory     =1073741824
2026-03-08 14:52:47,956 INFO o.a.j.JMeter: Available Processors =8
2026-03-08 14:52:47,970 INFO o.a.j.JMeter: Default Locale=English (EN)
2026-03-08 14:52:47,971 INFO o.a.j.JMeter: JMeter  Locale=English (EN)
2026-03-08 14:52:47,971 INFO o.a.j.JMeter: JMeterHome=/usr/local/Cellar/jmeter/5.6.3/libexec
2026-03-08 14:52:47,971 INFO o.a.j.JMeter: user.dir  =/Users/hyosik981010/Desktop/study/ticket
2026-03-08 14:52:47,971 INFO o.a.j.JMeter: PWD       =/Users/hyosik981010/Desktop/study/ticket
2026-03-08 14:52:47,973 INFO o.a.j.JMeter: IP: 127.0.0.1 Name: Kimhyosiks-MacBook-Air.local FullName: localhost
2026-03-08 14:52:47,991 INFO o.a.j.JMeter: Setting property 'jmeter.reportgenerator.outputdir' to:'/Users/hyosik981010/Desktop/study/ticket/perf/jmeter/report-queue-slot-mixed'
2026-03-08 14:52:47,995 INFO o.a.j.s.FileServer: Default base='/Users/hyosik981010/Desktop/study/ticket'
2026-03-08 14:52:48,000 INFO o.a.j.s.FileServer: Set new base='/Users/hyosik981010/Desktop/study/ticket/perf/jmeter'
2026-03-08 14:52:48,555 INFO o.a.j.s.SaveService: Testplan (JMX) version: 2.2. Testlog (JTL) version: 2.2
2026-03-08 14:52:48,632 INFO o.a.j.s.SaveService: Using SaveService properties version 5.0
2026-03-08 14:52:48,638 INFO o.a.j.s.SaveService: Using SaveService properties file encoding UTF-8
2026-03-08 14:52:48,650 INFO o.a.j.s.SaveService: Loading file: perf/jmeter/queue-slot-mixed-flow.jmx
2026-03-08 14:52:48,749 INFO o.a.j.p.h.s.HTTPSamplerBase: Parser for text/html is org.apache.jmeter.protocol.http.parser.LagartoBasedHtmlParser
2026-03-08 14:52:48,749 INFO o.a.j.p.h.s.HTTPSamplerBase: Parser for application/xhtml+xml is org.apache.jmeter.protocol.http.parser.LagartoBasedHtmlParser
2026-03-08 14:52:48,749 INFO o.a.j.p.h.s.HTTPSamplerBase: Parser for application/xml is org.apache.jmeter.protocol.http.parser.LagartoBasedHtmlParser
2026-03-08 14:52:48,750 INFO o.a.j.p.h.s.HTTPSamplerBase: Parser for text/xml is org.apache.jmeter.protocol.http.parser.LagartoBasedHtmlParser
2026-03-08 14:52:48,750 INFO o.a.j.p.h.s.HTTPSamplerBase: Parser for text/vnd.wap.wml is org.apache.jmeter.protocol.http.parser.RegexpHTMLParser
2026-03-08 14:52:48,750 INFO o.a.j.p.h.s.HTTPSamplerBase: Parser for text/css is org.apache.jmeter.protocol.http.parser.CssParser
2026-03-08 14:52:48,922 INFO o.a.j.JMeter: Creating summariser <summary>
2026-03-08 14:52:48,931 INFO o.a.j.r.d.ReportGenerator: ReportGenerator will use for Parsing the separator: ','
2026-03-08 14:52:48,931 INFO o.a.j.r.d.ReportGenerator: Will generate report at end of test from  results file: perf/jmeter/queue-slot-mixed-flow.jtl
2026-03-08 14:52:48,931 INFO o.a.j.r.d.ReportGenerator: Reading report generator properties from: /usr/local/Cellar/jmeter/5.6.3/libexec/bin/reportgenerator.properties
2026-03-08 14:52:48,933 INFO o.a.j.r.d.ReportGenerator: Merging with JMeter properties
2026-03-08 14:52:48,939 INFO o.a.j.r.c.ReportGeneratorConfiguration: Property 'jmeter.reportgenerator.temp_dir' not found, using default value 'temp' instead.
2026-03-08 14:52:48,944 INFO o.a.j.r.c.ReportGeneratorConfiguration: Property 'jmeter.reportgenerator.apdex_per_transaction' not found, using default value 'null' instead.
2026-03-08 14:52:48,945 INFO o.a.j.r.c.ReportGeneratorConfiguration: apdex_per_transaction is empty, not APDEX per transaction customization
2026-03-08 14:52:48,945 INFO o.a.j.r.c.ReportGeneratorConfiguration: Property 'jmeter.reportgenerator.sample_filter' not found, using default value 'null' instead.
2026-03-08 14:52:48,945 INFO o.a.j.r.c.ReportGeneratorConfiguration: Property 'jmeter.reportgenerator.report_title' not found, using default value 'null' instead.
2026-03-08 14:52:48,945 INFO o.a.j.r.c.ReportGeneratorConfiguration: Property 'jmeter.reportgenerator.start_date' not found, using default value 'null' instead.
2026-03-08 14:52:48,945 INFO o.a.j.r.c.ReportGeneratorConfiguration: Property 'jmeter.reportgenerator.end_date' not found, using default value 'null' instead.
2026-03-08 14:52:48,945 INFO o.a.j.r.c.ReportGeneratorConfiguration: Property 'jmeter.reportgenerator.date_format' not found, using default value 'null' instead.
2026-03-08 14:52:48,951 INFO o.a.j.r.c.ReportGeneratorConfiguration: Will use date range start date: null, end date: null
2026-03-08 14:52:48,959 INFO o.a.j.r.c.ReportGeneratorConfiguration: Property 'jmeter.reportgenerator.graph.totalTPS.exclude_controllers' not found, using default value 'false' instead.
2026-03-08 14:52:48,960 INFO o.a.j.r.c.ReportGeneratorConfiguration: Property 'jmeter.reportgenerator.graph.activeThreadsOverTime.exclude_controllers' not found, using default value 'false' instead.
2026-03-08 14:52:48,960 INFO o.a.j.r.c.ReportGeneratorConfiguration: Property 'jmeter.reportgenerator.graph.timeVsThreads.exclude_controllers' not found, using default value 'false' instead.
2026-03-08 14:52:48,960 INFO o.a.j.r.c.ReportGeneratorConfiguration: Property 'jmeter.reportgenerator.graph.responseTimeDistribution.exclude_controllers' not found, using default value 'false' instead.
2026-03-08 14:52:48,960 INFO o.a.j.r.c.ReportGeneratorConfiguration: Property 'jmeter.reportgenerator.graph.transactionsPerSecond.exclude_controllers' not found, using default value 'false' instead.
2026-03-08 14:52:48,961 INFO o.a.j.r.c.ReportGeneratorConfiguration: Property 'jmeter.reportgenerator.graph.responseTimePercentiles.exclude_controllers' not found, using default value 'false' instead.
2026-03-08 14:52:48,961 INFO o.a.j.r.c.ReportGeneratorConfiguration: Property 'jmeter.reportgenerator.graph.responseTimePercentilesOverTime.exclude_controllers' not found, using default value 'false' instead.
2026-03-08 14:52:48,962 INFO o.a.j.r.c.ReportGeneratorConfiguration: Property 'jmeter.reportgenerator.graph.responseTimesOverTime.exclude_controllers' not found, using default value 'false' instead.
2026-03-08 14:52:48,963 INFO o.a.j.r.c.ReportGeneratorConfiguration: Property 'jmeter.reportgenerator.graph.connectTimeOverTime.exclude_controllers' not found, using default value 'false' instead.
2026-03-08 14:52:48,963 INFO o.a.j.r.c.ReportGeneratorConfiguration: Property 'jmeter.reportgenerator.graph.latenciesOverTime.exclude_controllers' not found, using default value 'false' instead.
2026-03-08 14:52:48,964 INFO o.a.j.r.c.ReportGeneratorConfiguration: Property 'jmeter.reportgenerator.exporter.json.filters_only_sample_series' not found, using default value 'true' instead.
2026-03-08 14:52:48,965 INFO o.a.j.r.c.ReportGeneratorConfiguration: Property 'jmeter.reportgenerator.exporter.json.series_filter' not found, using default value '' instead.
2026-03-08 14:52:48,965 INFO o.a.j.r.c.ReportGeneratorConfiguration: Property 'jmeter.reportgenerator.exporter.json.show_controllers_only' not found, using default value 'false' instead.
2026-03-08 14:52:48,966 INFO o.a.j.r.c.ReportGeneratorConfiguration: Property 'jmeter.reportgenerator.exporter.html.filters_only_sample_series' not found, using default value 'true' instead.
2026-03-08 14:52:48,966 INFO o.a.j.r.c.ReportGeneratorConfiguration: Property 'jmeter.reportgenerator.exporter.html.series_filter' not found, using default value '' instead.
2026-03-08 14:52:48,967 INFO o.a.j.r.c.ReportGeneratorConfiguration: Property 'jmeter.reportgenerator.exporter.html.show_controllers_only' not found, using default value 'false' instead.
2026-03-08 14:52:49,011 INFO o.a.j.e.StandardJMeterEngine: Running the test!
2026-03-08 14:52:49,014 INFO o.a.j.s.SampleEvent: List of sample_variables: []
2026-03-08 14:52:49,014 INFO o.a.j.s.SampleEvent: List of sample_variables: []
2026-03-08 14:52:49,020 INFO o.a.j.e.u.CompoundVariable: Note: Function class names must contain the string: '.functions.'
2026-03-08 14:52:49,020 INFO o.a.j.e.u.CompoundVariable: Note: Function class names must not contain the string: '.gui.'
2026-03-08 14:52:49,085 INFO o.a.j.r.ClassFinder: Will scan jar /usr/local/Cellar/jmeter/5.6.3/libexec/lib/ext/jmeter-plugins-manager-1.9.jar with filter ExtendsClassFilter [parents=[interface org.apache.jmeter.functions.Function], inner=false, contains=null, notContains=null]. Consider exposing JMeter plugins via META-INF/services, and add JMeter-Skip-Class-Scanning=true manifest attribute so JMeter can skip classfile scanning
2026-03-08 14:52:50,023 INFO o.a.j.JMeter: Running test (1772949170022)
2026-03-08 14:52:50,078 INFO o.a.j.e.StandardJMeterEngine: Starting ThreadGroup: 1 : 200 Users Mixed Flow
2026-03-08 14:52:50,088 INFO o.a.j.e.StandardJMeterEngine: Starting 200 threads for group 200 Users Mixed Flow.
2026-03-08 14:52:50,089 INFO o.a.j.e.StandardJMeterEngine: Thread will continue on error
2026-03-08 14:52:50,093 INFO o.a.j.t.ThreadGroup: Starting thread group... number=1 threads=200 ramp-up=60 delayedStart=false
2026-03-08 14:52:50,562 INFO o.a.j.t.JMeterThread: Thread started: 200 Users Mixed Flow 1-1
2026-03-08 14:52:50,583 INFO o.a.j.s.FileServer: Stored: perf/jmeter/users.csv
2026-03-08 14:52:50,762 INFO o.a.j.p.h.s.HTTPHCAbstractImpl: Local host = Kimhyosiks-MacBook-Air.local
2026-03-08 14:52:50,770 INFO o.a.j.t.JMeterThread: Thread started: 200 Users Mixed Flow 1-2
2026-03-08 14:52:50,805 INFO o.a.j.p.h.s.HTTPHC4Impl: HTTP request retry count = 0
2026-03-08 14:52:50,807 INFO o.a.j.s.SampleResult: Note: Sample TimeStamps are START times
2026-03-08 14:52:50,811 INFO o.a.j.s.SampleResult: sampleresult.default.encoding is set to UTF-8
2026-03-08 14:52:50,811 INFO o.a.j.s.SampleResult: sampleresult.useNanoTime=true
2026-03-08 14:52:50,811 INFO o.a.j.s.SampleResult: sampleresult.nanoThreadSleep=5000
2026-03-08 14:52:50,887 INFO o.a.j.t.ThreadGroup: Started thread group number 1
2026-03-08 14:52:50,890 INFO o.a.j.e.StandardJMeterEngine: All thread groups have been started
2026-03-08 14:52:51,061 INFO o.a.j.t.JMeterThread: Thread started: 200 Users Mixed Flow 1-3
2026-03-08 14:52:51,269 INFO o.a.j.t.JMeterThread: Thread started: 200 Users Mixed Flow 1-4
2026-03-08 14:52:51,541 INFO o.a.j.t.JMeterThread: Thread started: 200 Users Mixed Flow 1-5
2026-03-08 14:52:51,842 INFO o.a.j.t.JMeterThread: Thread started: 200 Users Mixed Flow 1-6
2026-03-08 14:52:52,070 INFO o.a.j.t.JMeterThread: Thread started: 200 Users Mixed Flow 1-7
2026-03-08 14:52:52,388 INFO o.a.j.t.JMeterThread: Thread started: 200 Users Mixed Flow 1-8
2026-03-08 14:52:52,648 INFO o.a.j.t.JMeterThread: Thread started: 200 Users Mixed Flow 1-9
2026-03-08 14:52:52,934 INFO o.a.j.t.JMeterThread: Thread started: 200 Users Mixed Flow 1-10
2026-03-08 14:52:53,199 INFO o.a.j.t.JMeterThread: Thread started: 200 Users Mixed Flow 1-11
2026-03-08 14:52:53,420 INFO o.a.j.t.JMeterThread: Thread started: 200 Users Mixed Flow 1-12
2026-03-08 14:52:53,748 INFO o.a.j.t.JMeterThread: Thread started: 200 Users Mixed Flow 1-13
2026-03-08 14:52:54,022 INFO o.a.j.t.JMeterThread: Thread started: 200 Users Mixed Flow 1-14
2026-03-08 14:52:54,324 INFO o.a.j.t.JMeterThread: Thread started: 200 Users Mixed Flow 1-15
2026-03-08 14:52:54,610 INFO o.a.j.t.JMeterThread: Thread started: 200 Users Mixed Flow 1-16
2026-03-08 14:52:54,901 INFO o.a.j.t.JMeterThread: Thread started: 200 Users Mixed Flow 1-17
2026-03-08 14:52:55,210 INFO o.a.j.t.JMeterThread: Thread started: 200 Users Mixed Flow 1-18
2026-03-08 14:52:55,505 INFO o.a.j.t.JMeterThread: Thread started: 200 Users Mixed Flow 1-19
2026-03-08 14:52:55,800 INFO o.a.j.t.JMeterThread: Thread started: 200 Users Mixed Flow 1-20
2026-03-08 14:52:56,109 INFO o.a.j.t.JMeterThread: Thread started: 200 Users Mixed Flow 1-21
2026-03-08 14:52:56,411 INFO o.a.j.t.JMeterThread: Thread started: 200 Users Mixed Flow 1-22
2026-03-08 14:52:56,711 INFO o.a.j.t.JMeterThread: Thread started: 200 Users Mixed Flow 1-23
2026-03-08 14:52:57,010 INFO o.a.j.t.JMeterThread: Thread started: 200 Users Mixed Flow 1-24
2026-03-08 14:52:57,303 INFO o.a.j.t.JMeterThread: Thread started: 200 Users Mixed Flow 1-25
2026-03-08 14:52:57,602 INFO o.a.j.t.JMeterThread: Thread started: 200 Users Mixed Flow 1-26
2026-03-08 14:52:57,900 INFO o.a.j.t.JMeterThread: Thread started: 200 Users Mixed Flow 1-27
2026-03-08 14:52:58,200 INFO o.a.j.t.JMeterThread: Thread started: 200 Users Mixed Flow 1-28
2026-03-08 14:52:58,501 INFO o.a.j.t.JMeterThread: Thread started: 200 Users Mixed Flow 1-29
2026-03-08 14:52:58,819 INFO o.a.j.t.JMeterThread: Thread started: 200 Users Mixed Flow 1-30
2026-03-08 14:52:59,119 INFO o.a.j.t.JMeterThread: Thread started: 200 Users Mixed Flow 1-31
2026-03-08 14:52:59,416 INFO o.a.j.t.JMeterThread: Thread started: 200 Users Mixed Flow 1-32
2026-03-08 14:52:59,718 INFO o.a.j.t.JMeterThread: Thread started: 200 Users Mixed Flow 1-33
2026-03-08 14:53:00,015 INFO o.a.j.t.JMeterThread: Thread started: 200 Users Mixed Flow 1-34
2026-03-08 14:53:00,026 INFO o.a.j.r.Summariser: summary +    158 in 00:00:10 =   15.8/s Avg:   123 Min:     1 Max:  1369 Err:     0 (0.00%) Active: 34 Started: 34 Finished: 0
2026-03-08 14:53:00,319 INFO o.a.j.t.JMeterThread: Thread started: 200 Users Mixed Flow 1-35
2026-03-08 14:53:00,599 INFO o.a.j.t.JMeterThread: Thread started: 200 Users Mixed Flow 1-36
2026-03-08 14:53:00,899 INFO o.a.j.t.JMeterThread: Thread started: 200 Users Mixed Flow 1-37
2026-03-08 14:53:01,199 INFO o.a.j.t.JMeterThread: Thread started: 200 Users Mixed Flow 1-38
2026-03-08 14:53:01,494 INFO o.a.j.t.JMeterThread: Thread started: 200 Users Mixed Flow 1-39
2026-03-08 14:53:01,799 INFO o.a.j.t.JMeterThread: Thread started: 200 Users Mixed Flow 1-40
2026-03-08 14:53:02,104 INFO o.a.j.t.JMeterThread: Thread started: 200 Users Mixed Flow 1-41
2026-03-08 14:53:02,401 INFO o.a.j.t.JMeterThread: Thread started: 200 Users Mixed Flow 1-42
2026-03-08 14:53:02,711 INFO o.a.j.t.JMeterThread: Thread started: 200 Users Mixed Flow 1-43
2026-03-08 14:53:03,002 INFO o.a.j.t.JMeterThread: Thread started: 200 Users Mixed Flow 1-44
2026-03-08 14:53:03,308 INFO o.a.j.t.JMeterThread: Thread started: 200 Users Mixed Flow 1-45
2026-03-08 14:53:03,602 INFO o.a.j.t.JMeterThread: Thread started: 200 Users Mixed Flow 1-46
2026-03-08 14:53:03,905 INFO o.a.j.t.JMeterThread: Thread started: 200 Users Mixed Flow 1-47
2026-03-08 14:53:04,204 INFO o.a.j.t.JMeterThread: Thread started: 200 Users Mixed Flow 1-48
2026-03-08 14:53:04,502 INFO o.a.j.t.JMeterThread: Thread started: 200 Users Mixed Flow 1-49
2026-03-08 14:53:04,802 INFO o.a.j.t.JMeterThread: Thread started: 200 Users Mixed Flow 1-50
2026-03-08 14:53:05,100 INFO o.a.j.t.JMeterThread: Thread started: 200 Users Mixed Flow 1-51
2026-03-08 14:53:05,398 INFO o.a.j.t.JMeterThread: Thread started: 200 Users Mixed Flow 1-52
2026-03-08 14:53:05,700 INFO o.a.j.t.JMeterThread: Thread started: 200 Users Mixed Flow 1-53
2026-03-08 14:53:05,996 INFO o.a.j.t.JMeterThread: Thread started: 200 Users Mixed Flow 1-54
2026-03-08 14:53:06,299 INFO o.a.j.t.JMeterThread: Thread started: 200 Users Mixed Flow 1-55
2026-03-08 14:53:06,596 INFO o.a.j.t.JMeterThread: Thread started: 200 Users Mixed Flow 1-56
2026-03-08 14:53:06,895 INFO o.a.j.t.JMeterThread: Thread started: 200 Users Mixed Flow 1-57
2026-03-08 14:53:07,200 INFO o.a.j.t.JMeterThread: Thread started: 200 Users Mixed Flow 1-58
2026-03-08 14:53:07,500 INFO o.a.j.t.JMeterThread: Thread started: 200 Users Mixed Flow 1-59
2026-03-08 14:53:07,800 INFO o.a.j.t.JMeterThread: Thread started: 200 Users Mixed Flow 1-60
2026-03-08 14:53:08,096 INFO o.a.j.t.JMeterThread: Thread started: 200 Users Mixed Flow 1-61
2026-03-08 14:53:08,400 INFO o.a.j.t.JMeterThread: Thread started: 200 Users Mixed Flow 1-62
2026-03-08 14:53:08,696 INFO o.a.j.t.JMeterThread: Thread started: 200 Users Mixed Flow 1-63
2026-03-08 14:53:08,997 INFO o.a.j.t.JMeterThread: Thread started: 200 Users Mixed Flow 1-64
2026-03-08 14:53:09,302 INFO o.a.j.t.JMeterThread: Thread started: 200 Users Mixed Flow 1-65
2026-03-08 14:53:09,603 INFO o.a.j.t.JMeterThread: Thread started: 200 Users Mixed Flow 1-66
2026-03-08 14:53:09,901 INFO o.a.j.t.JMeterThread: Thread started: 200 Users Mixed Flow 1-67
2026-03-08 14:53:10,200 INFO o.a.j.t.JMeterThread: Thread started: 200 Users Mixed Flow 1-68
2026-03-08 14:53:10,499 INFO o.a.j.t.JMeterThread: Thread started: 200 Users Mixed Flow 1-69
2026-03-08 14:53:10,802 INFO o.a.j.t.JMeterThread: Thread started: 200 Users Mixed Flow 1-70
2026-03-08 14:53:11,096 INFO o.a.j.t.JMeterThread: Thread started: 200 Users Mixed Flow 1-71
2026-03-08 14:53:11,400 INFO o.a.j.t.JMeterThread: Thread started: 200 Users Mixed Flow 1-72
2026-03-08 14:53:11,707 INFO o.a.j.t.JMeterThread: Thread started: 200 Users Mixed Flow 1-73
2026-03-08 14:53:12,001 INFO o.a.j.t.JMeterThread: Thread started: 200 Users Mixed Flow 1-74
2026-03-08 14:53:12,301 INFO o.a.j.t.JMeterThread: Thread started: 200 Users Mixed Flow 1-75
2026-03-08 14:53:12,606 INFO o.a.j.t.JMeterThread: Thread started: 200 Users Mixed Flow 1-76
2026-03-08 14:53:12,900 INFO o.a.j.t.JMeterThread: Thread started: 200 Users Mixed Flow 1-77
2026-03-08 14:53:13,200 INFO o.a.j.t.JMeterThread: Thread started: 200 Users Mixed Flow 1-78
2026-03-08 14:53:13,496 INFO o.a.j.t.JMeterThread: Thread started: 200 Users Mixed Flow 1-79
2026-03-08 14:53:13,794 INFO o.a.j.t.JMeterThread: Thread started: 200 Users Mixed Flow 1-80
2026-03-08 14:53:14,097 INFO o.a.j.t.JMeterThread: Thread started: 200 Users Mixed Flow 1-81
2026-03-08 14:53:14,399 INFO o.a.j.t.JMeterThread: Thread started: 200 Users Mixed Flow 1-82
2026-03-08 14:53:14,697 INFO o.a.j.t.JMeterThread: Thread started: 200 Users Mixed Flow 1-83
2026-03-08 14:53:15,000 INFO o.a.j.t.JMeterThread: Thread started: 200 Users Mixed Flow 1-84
2026-03-08 14:53:15,299 INFO o.a.j.t.JMeterThread: Thread started: 200 Users Mixed Flow 1-85
2026-03-08 14:53:15,596 INFO o.a.j.t.JMeterThread: Thread started: 200 Users Mixed Flow 1-86
2026-03-08 14:53:15,898 INFO o.a.j.t.JMeterThread: Thread started: 200 Users Mixed Flow 1-87
2026-03-08 14:53:16,196 INFO o.a.j.t.JMeterThread: Thread started: 200 Users Mixed Flow 1-88
2026-03-08 14:53:16,499 INFO o.a.j.t.JMeterThread: Thread started: 200 Users Mixed Flow 1-89
2026-03-08 14:53:16,800 INFO o.a.j.t.JMeterThread: Thread started: 200 Users Mixed Flow 1-90
2026-03-08 14:53:17,099 INFO o.a.j.t.JMeterThread: Thread started: 200 Users Mixed Flow 1-91
2026-03-08 14:53:17,400 INFO o.a.j.t.JMeterThread: Thread started: 200 Users Mixed Flow 1-92
2026-03-08 14:53:17,695 INFO o.a.j.t.JMeterThread: Thread started: 200 Users Mixed Flow 1-93
2026-03-08 14:53:17,995 INFO o.a.j.t.JMeterThread: Thread started: 200 Users Mixed Flow 1-94
2026-03-08 14:53:18,302 INFO o.a.j.t.JMeterThread: Thread started: 200 Users Mixed Flow 1-95
2026-03-08 14:53:18,602 INFO o.a.j.t.JMeterThread: Thread started: 200 Users Mixed Flow 1-96
2026-03-08 14:53:18,909 INFO o.a.j.t.JMeterThread: Thread started: 200 Users Mixed Flow 1-97
2026-03-08 14:53:19,205 INFO o.a.j.t.JMeterThread: Thread started: 200 Users Mixed Flow 1-98
2026-03-08 14:53:19,501 INFO o.a.j.t.JMeterThread: Thread started: 200 Users Mixed Flow 1-99
2026-03-08 14:53:19,803 INFO o.a.j.t.JMeterThread: Thread started: 200 Users Mixed Flow 1-100
2026-03-08 14:53:20,101 INFO o.a.j.t.JMeterThread: Thread started: 200 Users Mixed Flow 1-101
2026-03-08 14:53:20,397 INFO o.a.j.t.JMeterThread: Thread started: 200 Users Mixed Flow 1-102
2026-03-08 14:53:20,697 INFO o.a.j.t.JMeterThread: Thread started: 200 Users Mixed Flow 1-103
2026-03-08 14:53:20,996 INFO o.a.j.t.JMeterThread: Thread started: 200 Users Mixed Flow 1-104
2026-03-08 14:53:21,301 INFO o.a.j.t.JMeterThread: Thread started: 200 Users Mixed Flow 1-105
2026-03-08 14:53:21,600 INFO o.a.j.t.JMeterThread: Thread started: 200 Users Mixed Flow 1-106
2026-03-08 14:53:21,900 INFO o.a.j.t.JMeterThread: Thread started: 200 Users Mixed Flow 1-107
2026-03-08 14:53:22,201 INFO o.a.j.t.JMeterThread: Thread started: 200 Users Mixed Flow 1-108
2026-03-08 14:53:22,500 INFO o.a.j.t.JMeterThread: Thread started: 200 Users Mixed Flow 1-109
2026-03-08 14:53:22,800 INFO o.a.j.t.JMeterThread: Thread started: 200 Users Mixed Flow 1-110
2026-03-08 14:53:23,095 INFO o.a.j.t.JMeterThread: Thread started: 200 Users Mixed Flow 1-111
2026-03-08 14:53:23,398 INFO o.a.j.t.JMeterThread: Thread started: 200 Users Mixed Flow 1-112
2026-03-08 14:53:23,696 INFO o.a.j.t.JMeterThread: Thread started: 200 Users Mixed Flow 1-113
2026-03-08 14:53:23,999 INFO o.a.j.t.JMeterThread: Thread started: 200 Users Mixed Flow 1-114
2026-03-08 14:53:24,295 INFO o.a.j.t.JMeterThread: Thread started: 200 Users Mixed Flow 1-115
2026-03-08 14:53:24,598 INFO o.a.j.t.JMeterThread: Thread started: 200 Users Mixed Flow 1-116
2026-03-08 14:53:24,897 INFO o.a.j.t.JMeterThread: Thread started: 200 Users Mixed Flow 1-117
2026-03-08 14:53:25,197 INFO o.a.j.t.JMeterThread: Thread started: 200 Users Mixed Flow 1-118
2026-03-08 14:53:25,498 INFO o.a.j.t.JMeterThread: Thread started: 200 Users Mixed Flow 1-119
2026-03-08 14:53:25,796 INFO o.a.j.t.JMeterThread: Thread started: 200 Users Mixed Flow 1-120
2026-03-08 14:53:26,095 INFO o.a.j.t.JMeterThread: Thread started: 200 Users Mixed Flow 1-121
2026-03-08 14:53:26,399 INFO o.a.j.t.JMeterThread: Thread started: 200 Users Mixed Flow 1-122
2026-03-08 14:53:26,701 INFO o.a.j.t.JMeterThread: Thread started: 200 Users Mixed Flow 1-123
2026-03-08 14:53:26,999 INFO o.a.j.t.JMeterThread: Thread started: 200 Users Mixed Flow 1-124
2026-03-08 14:53:27,301 INFO o.a.j.t.JMeterThread: Thread started: 200 Users Mixed Flow 1-125
2026-03-08 14:53:27,604 INFO o.a.j.t.JMeterThread: Thread started: 200 Users Mixed Flow 1-126
2026-03-08 14:53:27,903 INFO o.a.j.t.JMeterThread: Thread started: 200 Users Mixed Flow 1-127
2026-03-08 14:53:28,201 INFO o.a.j.t.JMeterThread: Thread started: 200 Users Mixed Flow 1-128
2026-03-08 14:53:28,511 INFO o.a.j.t.JMeterThread: Thread started: 200 Users Mixed Flow 1-129
2026-03-08 14:53:28,839 INFO o.a.j.t.JMeterThread: Thread started: 200 Users Mixed Flow 1-130
2026-03-08 14:53:29,104 INFO o.a.j.t.JMeterThread: Thread started: 200 Users Mixed Flow 1-131
2026-03-08 14:53:29,432 INFO o.a.j.t.JMeterThread: Thread started: 200 Users Mixed Flow 1-132
2026-03-08 14:53:29,718 INFO o.a.j.t.JMeterThread: Thread started: 200 Users Mixed Flow 1-133
2026-03-08 14:53:30,022 INFO o.a.j.r.Summariser: summary +   1274 in 00:00:30 =   42.5/s Avg:    16 Min:     0 Max:   279 Err:     0 (0.00%) Active: 133 Started: 133 Finished: 0
2026-03-08 14:53:30,022 INFO o.a.j.t.JMeterThread: Thread started: 200 Users Mixed Flow 1-134
2026-03-08 14:53:30,025 INFO o.a.j.r.Summariser: summary =   1432 in 00:00:40 =   35.8/s Avg:    28 Min:     0 Max:  1369 Err:     0 (0.00%)
2026-03-08 14:53:30,330 INFO o.a.j.t.JMeterThread: Thread started: 200 Users Mixed Flow 1-135
2026-03-08 14:53:30,619 INFO o.a.j.t.JMeterThread: Thread started: 200 Users Mixed Flow 1-136
2026-03-08 14:53:30,928 INFO o.a.j.t.JMeterThread: Thread started: 200 Users Mixed Flow 1-137
2026-03-08 14:53:31,220 INFO o.a.j.t.JMeterThread: Thread started: 200 Users Mixed Flow 1-138
2026-03-08 14:53:31,521 INFO o.a.j.t.JMeterThread: Thread started: 200 Users Mixed Flow 1-139
2026-03-08 14:53:31,823 INFO o.a.j.t.JMeterThread: Thread started: 200 Users Mixed Flow 1-140
2026-03-08 14:53:32,123 INFO o.a.j.t.JMeterThread: Thread started: 200 Users Mixed Flow 1-141
2026-03-08 14:53:32,417 INFO o.a.j.t.JMeterThread: Thread started: 200 Users Mixed Flow 1-142
2026-03-08 14:53:32,711 INFO o.a.j.t.JMeterThread: Thread started: 200 Users Mixed Flow 1-143
2026-03-08 14:53:33,019 INFO o.a.j.t.JMeterThread: Thread started: 200 Users Mixed Flow 1-144
2026-03-08 14:53:33,298 INFO o.a.j.t.JMeterThread: Thread started: 200 Users Mixed Flow 1-145
2026-03-08 14:53:33,600 INFO o.a.j.t.JMeterThread: Thread started: 200 Users Mixed Flow 1-146
2026-03-08 14:53:33,895 INFO o.a.j.t.JMeterThread: Thread started: 200 Users Mixed Flow 1-147
2026-03-08 14:53:34,196 INFO o.a.j.t.JMeterThread: Thread started: 200 Users Mixed Flow 1-148
2026-03-08 14:53:34,497 INFO o.a.j.t.JMeterThread: Thread started: 200 Users Mixed Flow 1-149
2026-03-08 14:53:34,873 INFO o.a.j.t.JMeterThread: Thread started: 200 Users Mixed Flow 1-150
2026-03-08 14:53:35,097 INFO o.a.j.t.JMeterThread: Thread started: 200 Users Mixed Flow 1-151
2026-03-08 14:53:35,398 INFO o.a.j.t.JMeterThread: Thread started: 200 Users Mixed Flow 1-152
2026-03-08 14:53:35,696 INFO o.a.j.t.JMeterThread: Thread started: 200 Users Mixed Flow 1-153
2026-03-08 14:53:36,047 INFO o.a.j.t.JMeterThread: Thread started: 200 Users Mixed Flow 1-154
2026-03-08 14:53:36,298 INFO o.a.j.t.JMeterThread: Thread started: 200 Users Mixed Flow 1-155
2026-03-08 14:53:36,596 INFO o.a.j.t.JMeterThread: Thread started: 200 Users Mixed Flow 1-156
2026-03-08 14:53:36,899 INFO o.a.j.t.JMeterThread: Thread started: 200 Users Mixed Flow 1-157
2026-03-08 14:53:37,198 INFO o.a.j.t.JMeterThread: Thread started: 200 Users Mixed Flow 1-158
2026-03-08 14:53:37,500 INFO o.a.j.t.JMeterThread: Thread started: 200 Users Mixed Flow 1-159
2026-03-08 14:53:37,801 INFO o.a.j.t.JMeterThread: Thread started: 200 Users Mixed Flow 1-160
2026-03-08 14:53:38,099 INFO o.a.j.t.JMeterThread: Thread started: 200 Users Mixed Flow 1-161
2026-03-08 14:53:38,400 INFO o.a.j.t.JMeterThread: Thread started: 200 Users Mixed Flow 1-162
2026-03-08 14:53:38,695 INFO o.a.j.t.JMeterThread: Thread started: 200 Users Mixed Flow 1-163
2026-03-08 14:53:38,996 INFO o.a.j.t.JMeterThread: Thread started: 200 Users Mixed Flow 1-164
2026-03-08 14:53:39,297 INFO o.a.j.t.JMeterThread: Thread started: 200 Users Mixed Flow 1-165
2026-03-08 14:53:39,599 INFO o.a.j.t.JMeterThread: Thread started: 200 Users Mixed Flow 1-166
2026-03-08 14:53:39,900 INFO o.a.j.t.JMeterThread: Thread started: 200 Users Mixed Flow 1-167
2026-03-08 14:53:40,207 INFO o.a.j.t.JMeterThread: Thread started: 200 Users Mixed Flow 1-168
2026-03-08 14:53:40,507 INFO o.a.j.t.JMeterThread: Thread started: 200 Users Mixed Flow 1-169
2026-03-08 14:53:40,814 INFO o.a.j.t.JMeterThread: Thread started: 200 Users Mixed Flow 1-170
2026-03-08 14:53:41,106 INFO o.a.j.t.JMeterThread: Thread started: 200 Users Mixed Flow 1-171
2026-03-08 14:53:41,404 INFO o.a.j.t.JMeterThread: Thread started: 200 Users Mixed Flow 1-172
2026-03-08 14:53:41,702 INFO o.a.j.t.JMeterThread: Thread started: 200 Users Mixed Flow 1-173
2026-03-08 14:53:42,000 INFO o.a.j.t.JMeterThread: Thread started: 200 Users Mixed Flow 1-174
2026-03-08 14:53:42,299 INFO o.a.j.t.JMeterThread: Thread started: 200 Users Mixed Flow 1-175
2026-03-08 14:53:42,599 INFO o.a.j.t.JMeterThread: Thread started: 200 Users Mixed Flow 1-176
2026-03-08 14:53:42,897 INFO o.a.j.t.JMeterThread: Thread started: 200 Users Mixed Flow 1-177
2026-03-08 14:53:43,198 INFO o.a.j.t.JMeterThread: Thread started: 200 Users Mixed Flow 1-178
2026-03-08 14:53:43,500 INFO o.a.j.t.JMeterThread: Thread started: 200 Users Mixed Flow 1-179
2026-03-08 14:53:43,798 INFO o.a.j.t.JMeterThread: Thread started: 200 Users Mixed Flow 1-180
2026-03-08 14:53:44,101 INFO o.a.j.t.JMeterThread: Thread started: 200 Users Mixed Flow 1-181
2026-03-08 14:53:44,400 INFO o.a.j.t.JMeterThread: Thread started: 200 Users Mixed Flow 1-182
2026-03-08 14:53:44,696 INFO o.a.j.t.JMeterThread: Thread started: 200 Users Mixed Flow 1-183
2026-03-08 14:53:45,001 INFO o.a.j.t.JMeterThread: Thread started: 200 Users Mixed Flow 1-184
2026-03-08 14:53:45,300 INFO o.a.j.t.JMeterThread: Thread started: 200 Users Mixed Flow 1-185
2026-03-08 14:53:45,597 INFO o.a.j.t.JMeterThread: Thread started: 200 Users Mixed Flow 1-186
2026-03-08 14:53:45,902 INFO o.a.j.t.JMeterThread: Thread started: 200 Users Mixed Flow 1-187
2026-03-08 14:53:46,201 INFO o.a.j.t.JMeterThread: Thread started: 200 Users Mixed Flow 1-188
2026-03-08 14:53:46,497 INFO o.a.j.t.JMeterThread: Thread started: 200 Users Mixed Flow 1-189
2026-03-08 14:53:46,804 INFO o.a.j.t.JMeterThread: Thread started: 200 Users Mixed Flow 1-190
2026-03-08 14:53:47,104 INFO o.a.j.t.JMeterThread: Thread started: 200 Users Mixed Flow 1-191
2026-03-08 14:53:47,404 INFO o.a.j.t.JMeterThread: Thread started: 200 Users Mixed Flow 1-192
2026-03-08 14:53:47,702 INFO o.a.j.t.JMeterThread: Thread started: 200 Users Mixed Flow 1-193
2026-03-08 14:53:47,999 INFO o.a.j.t.JMeterThread: Thread started: 200 Users Mixed Flow 1-194
2026-03-08 14:53:48,300 INFO o.a.j.t.JMeterThread: Thread started: 200 Users Mixed Flow 1-195
2026-03-08 14:53:48,598 INFO o.a.j.t.JMeterThread: Thread started: 200 Users Mixed Flow 1-196
2026-03-08 14:53:48,898 INFO o.a.j.t.JMeterThread: Thread started: 200 Users Mixed Flow 1-197
2026-03-08 14:53:49,196 INFO o.a.j.t.JMeterThread: Thread started: 200 Users Mixed Flow 1-198
2026-03-08 14:53:49,501 INFO o.a.j.t.JMeterThread: Thread started: 200 Users Mixed Flow 1-199
2026-03-08 14:53:49,801 INFO o.a.j.t.JMeterThread: Thread started: 200 Users Mixed Flow 1-200
2026-03-08 14:54:00,052 INFO o.a.j.r.Summariser: summary +   2569 in 00:00:30 =   85.6/s Avg:    10 Min:     0 Max:   322 Err:     0 (0.00%) Active: 200 Started: 200 Finished: 0
2026-03-08 14:54:00,056 INFO o.a.j.r.Summariser: summary =   4001 in 00:01:10 =   57.1/s Avg:    17 Min:     0 Max:  1369 Err:     0 (0.00%)
2026-03-08 14:54:30,036 INFO o.a.j.r.Summariser: summary +   2703 in 00:00:30 =   90.1/s Avg:     6 Min:     0 Max:    33 Err:     0 (0.00%) Active: 200 Started: 200 Finished: 0
2026-03-08 14:54:30,038 INFO o.a.j.r.Summariser: summary =   6704 in 00:01:40 =   67.0/s Avg:    13 Min:     0 Max:  1369 Err:     0 (0.00%)
2026-03-08 14:55:00,041 INFO o.a.j.r.Summariser: summary +   2713 in 00:00:30 =   90.4/s Avg:     7 Min:     0 Max:   124 Err:     0 (0.00%) Active: 200 Started: 200 Finished: 0
2026-03-08 14:55:00,044 INFO o.a.j.r.Summariser: summary =   9417 in 00:02:10 =   72.4/s Avg:    11 Min:     0 Max:  1369 Err:     0 (0.00%)
2026-03-08 14:55:30,055 INFO o.a.j.r.Summariser: summary +   2688 in 00:00:30 =   89.6/s Avg:     7 Min:     1 Max:    21 Err:     0 (0.00%) Active: 200 Started: 200 Finished: 0
2026-03-08 14:55:30,057 INFO o.a.j.r.Summariser: summary =  12105 in 00:02:40 =   75.6/s Avg:    10 Min:     0 Max:  1369 Err:     0 (0.00%)
2026-03-08 14:56:00,027 INFO o.a.j.r.Summariser: summary +   2670 in 00:00:30 =   89.1/s Avg:     6 Min:     0 Max:    19 Err:     0 (0.00%) Active: 200 Started: 200 Finished: 0
2026-03-08 14:56:00,028 INFO o.a.j.r.Summariser: summary =  14775 in 00:03:10 =   77.8/s Avg:     9 Min:     0 Max:  1369 Err:     0 (0.00%)
2026-03-08 14:56:30,041 INFO o.a.j.r.Summariser: summary +   2720 in 00:00:30 =   90.6/s Avg:     6 Min:     1 Max:    24 Err:     0 (0.00%) Active: 200 Started: 200 Finished: 0
2026-03-08 14:56:30,043 INFO o.a.j.r.Summariser: summary =  17495 in 00:03:40 =   79.5/s Avg:     9 Min:     0 Max:  1369 Err:     0 (0.00%)
2026-03-08 14:57:00,092 INFO o.a.j.r.Summariser: summary +   2725 in 00:00:30 =   90.7/s Avg:     8 Min:     0 Max:    71 Err:     0 (0.00%) Active: 200 Started: 200 Finished: 0
2026-03-08 14:57:00,096 INFO o.a.j.r.Summariser: summary =  20220 in 00:04:10 =   80.9/s Avg:     9 Min:     0 Max:  1369 Err:     0 (0.00%)
2026-03-08 14:57:07,668 INFO o.a.j.t.JMeterThread: Thread is done: 200 Users Mixed Flow 1-3
2026-03-08 14:57:07,669 INFO o.a.j.t.JMeterThread: Thread finished: 200 Users Mixed Flow 1-3
2026-03-08 14:57:07,781 INFO o.a.j.t.JMeterThread: Thread is done: 200 Users Mixed Flow 1-6
2026-03-08 14:57:07,782 INFO o.a.j.t.JMeterThread: Thread finished: 200 Users Mixed Flow 1-6
2026-03-08 14:57:08,589 INFO o.a.j.t.JMeterThread: Thread is done: 200 Users Mixed Flow 1-7
2026-03-08 14:57:08,589 INFO o.a.j.t.JMeterThread: Thread finished: 200 Users Mixed Flow 1-7
2026-03-08 14:57:08,970 INFO o.a.j.t.JMeterThread: Thread is done: 200 Users Mixed Flow 1-20
2026-03-08 14:57:08,970 INFO o.a.j.t.JMeterThread: Thread finished: 200 Users Mixed Flow 1-20
2026-03-08 14:57:09,339 INFO o.a.j.t.JMeterThread: Thread is done: 200 Users Mixed Flow 1-8
2026-03-08 14:57:09,340 INFO o.a.j.t.JMeterThread: Thread finished: 200 Users Mixed Flow 1-8
2026-03-08 14:57:10,607 INFO o.a.j.t.JMeterThread: Thread is done: 200 Users Mixed Flow 1-21
2026-03-08 14:57:10,607 INFO o.a.j.t.JMeterThread: Thread finished: 200 Users Mixed Flow 1-21
2026-03-08 14:57:12,606 INFO o.a.j.t.JMeterThread: Thread is done: 200 Users Mixed Flow 1-31
2026-03-08 14:57:12,606 INFO o.a.j.t.JMeterThread: Thread finished: 200 Users Mixed Flow 1-31
2026-03-08 14:57:12,822 INFO o.a.j.t.JMeterThread: Thread is done: 200 Users Mixed Flow 1-34
2026-03-08 14:57:12,822 INFO o.a.j.t.JMeterThread: Thread finished: 200 Users Mixed Flow 1-34
2026-03-08 14:57:12,930 INFO o.a.j.t.JMeterThread: Thread is done: 200 Users Mixed Flow 1-10
2026-03-08 14:57:12,930 INFO o.a.j.t.JMeterThread: Thread finished: 200 Users Mixed Flow 1-10
2026-03-08 14:57:13,571 INFO o.a.j.t.JMeterThread: Thread is done: 200 Users Mixed Flow 1-1
2026-03-08 14:57:13,572 INFO o.a.j.t.JMeterThread: Thread finished: 200 Users Mixed Flow 1-1
2026-03-08 14:57:13,799 INFO o.a.j.t.JMeterThread: Thread is done: 200 Users Mixed Flow 1-18
2026-03-08 14:57:13,800 INFO o.a.j.t.JMeterThread: Thread finished: 200 Users Mixed Flow 1-18
2026-03-08 14:57:14,942 INFO o.a.j.t.JMeterThread: Thread is done: 200 Users Mixed Flow 1-12
2026-03-08 14:57:14,943 INFO o.a.j.t.JMeterThread: Thread finished: 200 Users Mixed Flow 1-12
2026-03-08 14:57:14,944 INFO o.a.j.t.JMeterThread: Thread is done: 200 Users Mixed Flow 1-32
2026-03-08 14:57:14,945 INFO o.a.j.t.JMeterThread: Thread finished: 200 Users Mixed Flow 1-32
2026-03-08 14:57:15,370 INFO o.a.j.t.JMeterThread: Thread is done: 200 Users Mixed Flow 1-29
2026-03-08 14:57:15,370 INFO o.a.j.t.JMeterThread: Thread finished: 200 Users Mixed Flow 1-29
2026-03-08 14:57:16,334 INFO o.a.j.t.JMeterThread: Thread is done: 200 Users Mixed Flow 1-15
2026-03-08 14:57:16,334 INFO o.a.j.t.JMeterThread: Thread is done: 200 Users Mixed Flow 1-30
2026-03-08 14:57:16,335 INFO o.a.j.t.JMeterThread: Thread finished: 200 Users Mixed Flow 1-15
2026-03-08 14:57:16,335 INFO o.a.j.t.JMeterThread: Thread finished: 200 Users Mixed Flow 1-30
2026-03-08 14:57:16,654 INFO o.a.j.t.JMeterThread: Thread is done: 200 Users Mixed Flow 1-13
2026-03-08 14:57:16,655 INFO o.a.j.t.JMeterThread: Thread finished: 200 Users Mixed Flow 1-13
2026-03-08 14:57:17,099 INFO o.a.j.t.JMeterThread: Thread is done: 200 Users Mixed Flow 1-27
2026-03-08 14:57:17,100 INFO o.a.j.t.JMeterThread: Thread finished: 200 Users Mixed Flow 1-27
2026-03-08 14:57:17,709 INFO o.a.j.t.JMeterThread: Thread is done: 200 Users Mixed Flow 1-28
2026-03-08 14:57:17,709 INFO o.a.j.t.JMeterThread: Thread finished: 200 Users Mixed Flow 1-28
2026-03-08 14:57:17,766 INFO o.a.j.t.JMeterThread: Thread is done: 200 Users Mixed Flow 1-51
2026-03-08 14:57:17,766 INFO o.a.j.t.JMeterThread: Thread finished: 200 Users Mixed Flow 1-51
2026-03-08 14:57:17,816 INFO o.a.j.t.JMeterThread: Thread is done: 200 Users Mixed Flow 1-42
2026-03-08 14:57:17,816 INFO o.a.j.t.JMeterThread: Thread finished: 200 Users Mixed Flow 1-42
2026-03-08 14:57:18,663 INFO o.a.j.t.JMeterThread: Thread is done: 200 Users Mixed Flow 1-5
2026-03-08 14:57:18,664 INFO o.a.j.t.JMeterThread: Thread finished: 200 Users Mixed Flow 1-5
2026-03-08 14:57:19,110 INFO o.a.j.t.JMeterThread: Thread is done: 200 Users Mixed Flow 1-17
2026-03-08 14:57:19,110 INFO o.a.j.t.JMeterThread: Thread finished: 200 Users Mixed Flow 1-17
2026-03-08 14:57:20,089 INFO o.a.j.t.JMeterThread: Thread is done: 200 Users Mixed Flow 1-19
2026-03-08 14:57:20,090 INFO o.a.j.t.JMeterThread: Thread finished: 200 Users Mixed Flow 1-19
2026-03-08 14:57:20,678 INFO o.a.j.t.JMeterThread: Thread is done: 200 Users Mixed Flow 1-9
2026-03-08 14:57:20,678 INFO o.a.j.t.JMeterThread: Thread finished: 200 Users Mixed Flow 1-9
2026-03-08 14:57:20,678 INFO o.a.j.t.JMeterThread: Thread is done: 200 Users Mixed Flow 1-56
2026-03-08 14:57:20,678 INFO o.a.j.t.JMeterThread: Thread finished: 200 Users Mixed Flow 1-56
2026-03-08 14:57:20,962 INFO o.a.j.t.JMeterThread: Thread is done: 200 Users Mixed Flow 1-35
2026-03-08 14:57:20,963 INFO o.a.j.t.JMeterThread: Thread finished: 200 Users Mixed Flow 1-35
2026-03-08 14:57:22,098 INFO o.a.j.t.JMeterThread: Thread is done: 200 Users Mixed Flow 1-62
2026-03-08 14:57:22,098 INFO o.a.j.t.JMeterThread: Thread finished: 200 Users Mixed Flow 1-62
2026-03-08 14:57:22,609 INFO o.a.j.t.JMeterThread: Thread is done: 200 Users Mixed Flow 1-11
2026-03-08 14:57:22,610 INFO o.a.j.t.JMeterThread: Thread finished: 200 Users Mixed Flow 1-11
2026-03-08 14:57:23,031 INFO o.a.j.t.JMeterThread: Thread is done: 200 Users Mixed Flow 1-16
2026-03-08 14:57:23,031 INFO o.a.j.t.JMeterThread: Thread finished: 200 Users Mixed Flow 1-16
2026-03-08 14:57:24,073 INFO o.a.j.t.JMeterThread: Thread is done: 200 Users Mixed Flow 1-71
2026-03-08 14:57:24,073 INFO o.a.j.t.JMeterThread: Thread finished: 200 Users Mixed Flow 1-71
2026-03-08 14:57:24,376 INFO o.a.j.t.JMeterThread: Thread is done: 200 Users Mixed Flow 1-25
2026-03-08 14:57:24,378 INFO o.a.j.t.JMeterThread: Thread finished: 200 Users Mixed Flow 1-25
2026-03-08 14:57:24,721 INFO o.a.j.t.JMeterThread: Thread is done: 200 Users Mixed Flow 1-73
2026-03-08 14:57:24,726 INFO o.a.j.t.JMeterThread: Thread finished: 200 Users Mixed Flow 1-73
2026-03-08 14:57:25,661 INFO o.a.j.t.JMeterThread: Thread is done: 200 Users Mixed Flow 1-53
2026-03-08 14:57:25,666 INFO o.a.j.t.JMeterThread: Thread finished: 200 Users Mixed Flow 1-53
2026-03-08 14:57:25,816 INFO o.a.j.t.JMeterThread: Thread is done: 200 Users Mixed Flow 1-41
2026-03-08 14:57:25,816 INFO o.a.j.t.JMeterThread: Thread finished: 200 Users Mixed Flow 1-41
2026-03-08 14:57:25,824 INFO o.a.j.t.JMeterThread: Thread is done: 200 Users Mixed Flow 1-67
2026-03-08 14:57:25,825 INFO o.a.j.t.JMeterThread: Thread finished: 200 Users Mixed Flow 1-67
2026-03-08 14:57:26,452 INFO o.a.j.t.JMeterThread: Thread is done: 200 Users Mixed Flow 1-24
2026-03-08 14:57:26,452 INFO o.a.j.t.JMeterThread: Thread finished: 200 Users Mixed Flow 1-24
2026-03-08 14:57:26,734 INFO o.a.j.t.JMeterThread: Thread is done: 200 Users Mixed Flow 1-64
2026-03-08 14:57:26,734 INFO o.a.j.t.JMeterThread: Thread finished: 200 Users Mixed Flow 1-64
2026-03-08 14:57:28,739 INFO o.a.j.t.JMeterThread: Thread is done: 200 Users Mixed Flow 1-37
2026-03-08 14:57:28,739 INFO o.a.j.t.JMeterThread: Thread finished: 200 Users Mixed Flow 1-37
2026-03-08 14:57:28,739 INFO o.a.j.t.JMeterThread: Thread is done: 200 Users Mixed Flow 1-83
2026-03-08 14:57:28,740 INFO o.a.j.t.JMeterThread: Thread finished: 200 Users Mixed Flow 1-83
2026-03-08 14:57:28,740 INFO o.a.j.t.JMeterThread: Thread is done: 200 Users Mixed Flow 1-33
2026-03-08 14:57:28,740 INFO o.a.j.t.JMeterThread: Thread finished: 200 Users Mixed Flow 1-33
2026-03-08 14:57:28,893 INFO o.a.j.t.JMeterThread: Thread is done: 200 Users Mixed Flow 1-38
2026-03-08 14:57:28,895 INFO o.a.j.t.JMeterThread: Thread finished: 200 Users Mixed Flow 1-38
2026-03-08 14:57:29,059 INFO o.a.j.t.JMeterThread: Thread is done: 200 Users Mixed Flow 1-68
2026-03-08 14:57:29,064 INFO o.a.j.t.JMeterThread: Thread finished: 200 Users Mixed Flow 1-68
2026-03-08 14:57:29,173 INFO o.a.j.t.JMeterThread: Thread is done: 200 Users Mixed Flow 1-61
2026-03-08 14:57:29,179 INFO o.a.j.t.JMeterThread: Thread finished: 200 Users Mixed Flow 1-61
2026-03-08 14:57:29,673 INFO o.a.j.t.JMeterThread: Thread is done: 200 Users Mixed Flow 1-58
2026-03-08 14:57:29,674 INFO o.a.j.t.JMeterThread: Thread finished: 200 Users Mixed Flow 1-58
2026-03-08 14:57:29,678 INFO o.a.j.t.JMeterThread: Thread is done: 200 Users Mixed Flow 1-55
2026-03-08 14:57:29,678 INFO o.a.j.t.JMeterThread: Thread finished: 200 Users Mixed Flow 1-55
2026-03-08 14:57:29,681 INFO o.a.j.t.JMeterThread: Thread is done: 200 Users Mixed Flow 1-59
2026-03-08 14:57:29,681 INFO o.a.j.t.JMeterThread: Thread finished: 200 Users Mixed Flow 1-59
2026-03-08 14:57:29,857 INFO o.a.j.t.JMeterThread: Thread is done: 200 Users Mixed Flow 1-89
2026-03-08 14:57:29,858 INFO o.a.j.t.JMeterThread: Thread finished: 200 Users Mixed Flow 1-89
2026-03-08 14:57:30,077 INFO o.a.j.r.Summariser: summary +   2494 in 00:00:30 =   83.2/s Avg:     7 Min:     0 Max:    22 Err:     0 (0.00%) Active: 152 Started: 200 Finished: 48
2026-03-08 14:57:30,079 INFO o.a.j.r.Summariser: summary =  22714 in 00:04:40 =   81.1/s Avg:     9 Min:     0 Max:  1369 Err:     0 (0.00%)
2026-03-08 14:57:30,213 INFO o.a.j.t.JMeterThread: Thread is done: 200 Users Mixed Flow 1-85
2026-03-08 14:57:30,214 INFO o.a.j.t.JMeterThread: Thread finished: 200 Users Mixed Flow 1-85
2026-03-08 14:57:30,753 INFO o.a.j.t.JMeterThread: Thread is done: 200 Users Mixed Flow 1-81
2026-03-08 14:57:30,753 INFO o.a.j.t.JMeterThread: Thread is done: 200 Users Mixed Flow 1-66
2026-03-08 14:57:30,753 INFO o.a.j.t.JMeterThread: Thread finished: 200 Users Mixed Flow 1-81
2026-03-08 14:57:30,753 INFO o.a.j.t.JMeterThread: Thread finished: 200 Users Mixed Flow 1-66
2026-03-08 14:57:30,753 INFO o.a.j.t.JMeterThread: Thread is done: 200 Users Mixed Flow 1-44
2026-03-08 14:57:30,754 INFO o.a.j.t.JMeterThread: Thread finished: 200 Users Mixed Flow 1-44
2026-03-08 14:57:31,870 INFO o.a.j.t.JMeterThread: Thread is done: 200 Users Mixed Flow 1-72
2026-03-08 14:57:31,871 INFO o.a.j.t.JMeterThread: Thread finished: 200 Users Mixed Flow 1-72
2026-03-08 14:57:31,872 INFO o.a.j.t.JMeterThread: Thread is done: 200 Users Mixed Flow 1-49
2026-03-08 14:57:31,872 INFO o.a.j.t.JMeterThread: Thread finished: 200 Users Mixed Flow 1-49
2026-03-08 14:57:32,225 INFO o.a.j.t.JMeterThread: Thread is done: 200 Users Mixed Flow 1-80
2026-03-08 14:57:32,227 INFO o.a.j.t.JMeterThread: Thread finished: 200 Users Mixed Flow 1-80
2026-03-08 14:57:32,605 INFO o.a.j.t.JMeterThread: Thread is done: 200 Users Mixed Flow 1-45
2026-03-08 14:57:32,605 INFO o.a.j.t.JMeterThread: Thread finished: 200 Users Mixed Flow 1-45
2026-03-08 14:57:34,225 INFO o.a.j.t.JMeterThread: Thread is done: 200 Users Mixed Flow 1-52
2026-03-08 14:57:34,225 INFO o.a.j.t.JMeterThread: Thread finished: 200 Users Mixed Flow 1-52
2026-03-08 14:57:34,776 INFO o.a.j.t.JMeterThread: Thread is done: 200 Users Mixed Flow 1-144
2026-03-08 14:57:34,776 INFO o.a.j.t.JMeterThread: Thread finished: 200 Users Mixed Flow 1-144
2026-03-08 14:57:34,776 INFO o.a.j.t.JMeterThread: Thread is done: 200 Users Mixed Flow 1-143
2026-03-08 14:57:34,777 INFO o.a.j.t.JMeterThread: Thread finished: 200 Users Mixed Flow 1-143
2026-03-08 14:57:34,776 INFO o.a.j.t.JMeterThread: Thread is done: 200 Users Mixed Flow 1-65
2026-03-08 14:57:34,777 INFO o.a.j.t.JMeterThread: Thread finished: 200 Users Mixed Flow 1-65
2026-03-08 14:57:34,782 INFO o.a.j.t.JMeterThread: Thread is done: 200 Users Mixed Flow 1-145
2026-03-08 14:57:34,783 INFO o.a.j.t.JMeterThread: Thread finished: 200 Users Mixed Flow 1-145
2026-03-08 14:57:35,034 INFO o.a.j.t.JMeterThread: Thread is done: 200 Users Mixed Flow 1-146
2026-03-08 14:57:35,035 INFO o.a.j.t.JMeterThread: Thread finished: 200 Users Mixed Flow 1-146
2026-03-08 14:57:35,467 INFO o.a.j.t.JMeterThread: Thread is done: 200 Users Mixed Flow 1-147
2026-03-08 14:57:35,469 INFO o.a.j.t.JMeterThread: Thread finished: 200 Users Mixed Flow 1-147
2026-03-08 14:57:35,707 INFO o.a.j.t.JMeterThread: Thread is done: 200 Users Mixed Flow 1-87
2026-03-08 14:57:35,711 INFO o.a.j.t.JMeterThread: Thread finished: 200 Users Mixed Flow 1-87
2026-03-08 14:57:35,711 INFO o.a.j.t.JMeterThread: Thread is done: 200 Users Mixed Flow 1-148
2026-03-08 14:57:35,713 INFO o.a.j.t.JMeterThread: Thread finished: 200 Users Mixed Flow 1-148
2026-03-08 14:57:35,887 INFO o.a.j.t.JMeterThread: Thread is done: 200 Users Mixed Flow 1-149
2026-03-08 14:57:35,888 INFO o.a.j.t.JMeterThread: Thread finished: 200 Users Mixed Flow 1-149
2026-03-08 14:57:35,889 INFO o.a.j.t.JMeterThread: Thread is done: 200 Users Mixed Flow 1-75
2026-03-08 14:57:35,889 INFO o.a.j.t.JMeterThread: Thread finished: 200 Users Mixed Flow 1-75
2026-03-08 14:57:35,896 INFO o.a.j.t.JMeterThread: Thread is done: 200 Users Mixed Flow 1-57
2026-03-08 14:57:35,896 INFO o.a.j.t.JMeterThread: Thread finished: 200 Users Mixed Flow 1-57
2026-03-08 14:57:36,164 INFO o.a.j.t.JMeterThread: Thread is done: 200 Users Mixed Flow 1-63
2026-03-08 14:57:36,164 INFO o.a.j.t.JMeterThread: Thread finished: 200 Users Mixed Flow 1-63
2026-03-08 14:57:36,657 INFO o.a.j.t.JMeterThread: Thread is done: 200 Users Mixed Flow 1-150
2026-03-08 14:57:36,657 INFO o.a.j.t.JMeterThread: Thread finished: 200 Users Mixed Flow 1-150
2026-03-08 14:57:36,787 INFO o.a.j.t.JMeterThread: Thread is done: 200 Users Mixed Flow 1-84
2026-03-08 14:57:36,788 INFO o.a.j.t.JMeterThread: Thread finished: 200 Users Mixed Flow 1-84
2026-03-08 14:57:36,793 INFO o.a.j.t.JMeterThread: Thread is done: 200 Users Mixed Flow 1-151
2026-03-08 14:57:36,793 INFO o.a.j.t.JMeterThread: Thread finished: 200 Users Mixed Flow 1-151
2026-03-08 14:57:36,926 INFO o.a.j.t.JMeterThread: Thread is done: 200 Users Mixed Flow 1-152
2026-03-08 14:57:36,927 INFO o.a.j.t.JMeterThread: Thread finished: 200 Users Mixed Flow 1-152
2026-03-08 14:57:37,089 INFO o.a.j.t.JMeterThread: Thread is done: 200 Users Mixed Flow 1-74
2026-03-08 14:57:37,091 INFO o.a.j.t.JMeterThread: Thread is done: 200 Users Mixed Flow 1-110
2026-03-08 14:57:37,091 INFO o.a.j.t.JMeterThread: Thread finished: 200 Users Mixed Flow 1-74
2026-03-08 14:57:37,091 INFO o.a.j.t.JMeterThread: Thread is done: 200 Users Mixed Flow 1-153
2026-03-08 14:57:37,096 INFO o.a.j.t.JMeterThread: Thread finished: 200 Users Mixed Flow 1-153
2026-03-08 14:57:37,096 INFO o.a.j.t.JMeterThread: Thread finished: 200 Users Mixed Flow 1-110
2026-03-08 14:57:37,372 INFO o.a.j.t.JMeterThread: Thread is done: 200 Users Mixed Flow 1-106
2026-03-08 14:57:37,373 INFO o.a.j.t.JMeterThread: Thread finished: 200 Users Mixed Flow 1-106
2026-03-08 14:57:37,475 INFO o.a.j.t.JMeterThread: Thread is done: 200 Users Mixed Flow 1-103
2026-03-08 14:57:37,476 INFO o.a.j.t.JMeterThread: Thread finished: 200 Users Mixed Flow 1-103
2026-03-08 14:57:37,719 INFO o.a.j.t.JMeterThread: Thread is done: 200 Users Mixed Flow 1-154
2026-03-08 14:57:37,719 INFO o.a.j.t.JMeterThread: Thread finished: 200 Users Mixed Flow 1-154
2026-03-08 14:57:37,719 INFO o.a.j.t.JMeterThread: Thread is done: 200 Users Mixed Flow 1-94
2026-03-08 14:57:37,720 INFO o.a.j.t.JMeterThread: Thread finished: 200 Users Mixed Flow 1-94
2026-03-08 14:57:37,905 INFO o.a.j.t.JMeterThread: Thread is done: 200 Users Mixed Flow 1-155
2026-03-08 14:57:37,905 INFO o.a.j.t.JMeterThread: Thread is done: 200 Users Mixed Flow 1-156
2026-03-08 14:57:37,905 INFO o.a.j.t.JMeterThread: Thread is done: 200 Users Mixed Flow 1-82
2026-03-08 14:57:37,905 INFO o.a.j.t.JMeterThread: Thread finished: 200 Users Mixed Flow 1-156
2026-03-08 14:57:37,905 INFO o.a.j.t.JMeterThread: Thread finished: 200 Users Mixed Flow 1-155
2026-03-08 14:57:37,905 INFO o.a.j.t.JMeterThread: Thread finished: 200 Users Mixed Flow 1-82
2026-03-08 14:57:38,143 INFO o.a.j.t.JMeterThread: Thread is done: 200 Users Mixed Flow 1-77
2026-03-08 14:57:38,144 INFO o.a.j.t.JMeterThread: Thread finished: 200 Users Mixed Flow 1-77
2026-03-08 14:57:38,376 INFO o.a.j.t.JMeterThread: Thread is done: 200 Users Mixed Flow 1-93
2026-03-08 14:57:38,376 INFO o.a.j.t.JMeterThread: Thread is done: 200 Users Mixed Flow 1-91
2026-03-08 14:57:38,376 INFO o.a.j.t.JMeterThread: Thread finished: 200 Users Mixed Flow 1-93
2026-03-08 14:57:38,376 INFO o.a.j.t.JMeterThread: Thread finished: 200 Users Mixed Flow 1-91
2026-03-08 14:57:38,802 INFO o.a.j.t.JMeterThread: Thread is done: 200 Users Mixed Flow 1-157
2026-03-08 14:57:38,802 INFO o.a.j.t.JMeterThread: Thread is done: 200 Users Mixed Flow 1-158
2026-03-08 14:57:38,802 INFO o.a.j.t.JMeterThread: Thread is done: 200 Users Mixed Flow 1-119
2026-03-08 14:57:38,803 INFO o.a.j.t.JMeterThread: Thread finished: 200 Users Mixed Flow 1-157
2026-03-08 14:57:38,803 INFO o.a.j.t.JMeterThread: Thread finished: 200 Users Mixed Flow 1-158
2026-03-08 14:57:38,803 INFO o.a.j.t.JMeterThread: Thread finished: 200 Users Mixed Flow 1-119
2026-03-08 14:57:38,894 INFO o.a.j.t.JMeterThread: Thread is done: 200 Users Mixed Flow 1-114
2026-03-08 14:57:38,895 INFO o.a.j.t.JMeterThread: Thread finished: 200 Users Mixed Flow 1-114
2026-03-08 14:57:39,061 INFO o.a.j.t.JMeterThread: Thread is done: 200 Users Mixed Flow 1-101
2026-03-08 14:57:39,061 INFO o.a.j.t.JMeterThread: Thread is done: 200 Users Mixed Flow 1-159
2026-03-08 14:57:39,061 INFO o.a.j.t.JMeterThread: Thread finished: 200 Users Mixed Flow 1-101
2026-03-08 14:57:39,061 INFO o.a.j.t.JMeterThread: Thread finished: 200 Users Mixed Flow 1-159
2026-03-08 14:57:39,098 INFO o.a.j.t.JMeterThread: Thread is done: 200 Users Mixed Flow 1-96
2026-03-08 14:57:39,099 INFO o.a.j.t.JMeterThread: Thread finished: 200 Users Mixed Flow 1-96
2026-03-08 14:57:39,486 INFO o.a.j.t.JMeterThread: Thread is done: 200 Users Mixed Flow 1-160
2026-03-08 14:57:39,487 INFO o.a.j.t.JMeterThread: Thread finished: 200 Users Mixed Flow 1-160
2026-03-08 14:57:39,728 INFO o.a.j.t.JMeterThread: Thread is done: 200 Users Mixed Flow 1-161
2026-03-08 14:57:39,728 INFO o.a.j.t.JMeterThread: Thread finished: 200 Users Mixed Flow 1-161
2026-03-08 14:57:39,905 INFO o.a.j.t.JMeterThread: Thread is done: 200 Users Mixed Flow 1-162
2026-03-08 14:57:39,906 INFO o.a.j.t.JMeterThread: Thread finished: 200 Users Mixed Flow 1-162
2026-03-08 14:57:40,181 INFO o.a.j.t.JMeterThread: Thread is done: 200 Users Mixed Flow 1-163
2026-03-08 14:57:40,182 INFO o.a.j.t.JMeterThread: Thread finished: 200 Users Mixed Flow 1-163
2026-03-08 14:57:40,531 INFO o.a.j.t.JMeterThread: Thread is done: 200 Users Mixed Flow 1-164
2026-03-08 14:57:40,533 INFO o.a.j.t.JMeterThread: Thread finished: 200 Users Mixed Flow 1-164
2026-03-08 14:57:40,645 INFO o.a.j.t.JMeterThread: Thread is done: 200 Users Mixed Flow 1-165
2026-03-08 14:57:40,646 INFO o.a.j.t.JMeterThread: Thread finished: 200 Users Mixed Flow 1-165
2026-03-08 14:57:41,072 INFO o.a.j.t.JMeterThread: Thread is done: 200 Users Mixed Flow 1-123
2026-03-08 14:57:41,072 INFO o.a.j.t.JMeterThread: Thread is done: 200 Users Mixed Flow 1-166
2026-03-08 14:57:41,074 INFO o.a.j.t.JMeterThread: Thread finished: 200 Users Mixed Flow 1-166
2026-03-08 14:57:41,074 INFO o.a.j.t.JMeterThread: Thread finished: 200 Users Mixed Flow 1-123
2026-03-08 14:57:41,225 INFO o.a.j.t.JMeterThread: Thread is done: 200 Users Mixed Flow 1-167
2026-03-08 14:57:41,227 INFO o.a.j.t.JMeterThread: Thread finished: 200 Users Mixed Flow 1-167
2026-03-08 14:57:41,736 INFO o.a.j.t.JMeterThread: Thread is done: 200 Users Mixed Flow 1-168
2026-03-08 14:57:41,737 INFO o.a.j.t.JMeterThread: Thread finished: 200 Users Mixed Flow 1-168
2026-03-08 14:57:41,844 INFO o.a.j.t.JMeterThread: Thread is done: 200 Users Mixed Flow 1-169
2026-03-08 14:57:41,845 INFO o.a.j.t.JMeterThread: Thread finished: 200 Users Mixed Flow 1-169
2026-03-08 14:57:41,911 INFO o.a.j.t.JMeterThread: Thread is done: 200 Users Mixed Flow 1-108
2026-03-08 14:57:41,911 INFO o.a.j.t.JMeterThread: Thread finished: 200 Users Mixed Flow 1-108
2026-03-08 14:57:41,911 INFO o.a.j.t.JMeterThread: Thread is done: 200 Users Mixed Flow 1-79
2026-03-08 14:57:41,912 INFO o.a.j.t.JMeterThread: Thread finished: 200 Users Mixed Flow 1-79
2026-03-08 14:57:42,399 INFO o.a.j.t.JMeterThread: Thread is done: 200 Users Mixed Flow 1-88
2026-03-08 14:57:42,404 INFO o.a.j.t.JMeterThread: Thread finished: 200 Users Mixed Flow 1-88
2026-03-08 14:57:42,657 INFO o.a.j.t.JMeterThread: Thread is done: 200 Users Mixed Flow 1-86
2026-03-08 14:57:42,665 INFO o.a.j.t.JMeterThread: Thread finished: 200 Users Mixed Flow 1-86
2026-03-08 14:57:42,819 INFO o.a.j.t.JMeterThread: Thread is done: 200 Users Mixed Flow 1-172
2026-03-08 14:57:42,820 INFO o.a.j.t.JMeterThread: Thread finished: 200 Users Mixed Flow 1-172
2026-03-08 14:57:42,825 INFO o.a.j.t.JMeterThread: Thread is done: 200 Users Mixed Flow 1-170
2026-03-08 14:57:42,826 INFO o.a.j.t.JMeterThread: Thread finished: 200 Users Mixed Flow 1-170
2026-03-08 14:57:42,826 INFO o.a.j.t.JMeterThread: Thread is done: 200 Users Mixed Flow 1-171
2026-03-08 14:57:42,826 INFO o.a.j.t.JMeterThread: Thread finished: 200 Users Mixed Flow 1-171
2026-03-08 14:57:43,116 INFO o.a.j.t.JMeterThread: Thread is done: 200 Users Mixed Flow 1-173
2026-03-08 14:57:43,117 INFO o.a.j.t.JMeterThread: Thread finished: 200 Users Mixed Flow 1-173
2026-03-08 14:57:43,234 INFO o.a.j.t.JMeterThread: Thread is done: 200 Users Mixed Flow 1-120
2026-03-08 14:57:43,234 INFO o.a.j.t.JMeterThread: Thread finished: 200 Users Mixed Flow 1-120
2026-03-08 14:57:43,501 INFO o.a.j.t.JMeterThread: Thread is done: 200 Users Mixed Flow 1-174
2026-03-08 14:57:43,502 INFO o.a.j.t.JMeterThread: Thread finished: 200 Users Mixed Flow 1-174
2026-03-08 14:57:43,747 INFO o.a.j.t.JMeterThread: Thread is done: 200 Users Mixed Flow 1-131
2026-03-08 14:57:43,748 INFO o.a.j.t.JMeterThread: Thread finished: 200 Users Mixed Flow 1-131
2026-03-08 14:57:43,851 INFO o.a.j.t.JMeterThread: Thread is done: 200 Users Mixed Flow 1-175
2026-03-08 14:57:43,852 INFO o.a.j.t.JMeterThread: Thread finished: 200 Users Mixed Flow 1-175
2026-03-08 14:57:43,916 INFO o.a.j.t.JMeterThread: Thread is done: 200 Users Mixed Flow 1-113
2026-03-08 14:57:43,917 INFO o.a.j.t.JMeterThread: Thread finished: 200 Users Mixed Flow 1-113
2026-03-08 14:57:43,918 INFO o.a.j.t.JMeterThread: Thread is done: 200 Users Mixed Flow 1-176
2026-03-08 14:57:43,918 INFO o.a.j.t.JMeterThread: Thread finished: 200 Users Mixed Flow 1-176
2026-03-08 14:57:44,205 INFO o.a.j.t.JMeterThread: Thread is done: 200 Users Mixed Flow 1-105
2026-03-08 14:57:44,209 INFO o.a.j.t.JMeterThread: Thread finished: 200 Users Mixed Flow 1-105
2026-03-08 14:57:44,555 INFO o.a.j.t.JMeterThread: Thread is done: 200 Users Mixed Flow 1-177
2026-03-08 14:57:44,555 INFO o.a.j.t.JMeterThread: Thread finished: 200 Users Mixed Flow 1-177
2026-03-08 14:57:44,830 INFO o.a.j.t.JMeterThread: Thread is done: 200 Users Mixed Flow 1-178
2026-03-08 14:57:44,830 INFO o.a.j.t.JMeterThread: Thread finished: 200 Users Mixed Flow 1-178
2026-03-08 14:57:44,969 INFO o.a.j.t.JMeterThread: Thread is done: 200 Users Mixed Flow 1-179
2026-03-08 14:57:44,970 INFO o.a.j.t.JMeterThread: Thread finished: 200 Users Mixed Flow 1-179
2026-03-08 14:57:45,243 INFO o.a.j.t.JMeterThread: Thread is done: 200 Users Mixed Flow 1-180
2026-03-08 14:57:45,243 INFO o.a.j.t.JMeterThread: Thread finished: 200 Users Mixed Flow 1-180
2026-03-08 14:57:45,346 INFO o.a.j.t.JMeterThread: Thread is done: 200 Users Mixed Flow 1-118
2026-03-08 14:57:45,346 INFO o.a.j.t.JMeterThread: Thread finished: 200 Users Mixed Flow 1-118
2026-03-08 14:57:45,758 INFO o.a.j.t.JMeterThread: Thread is done: 200 Users Mixed Flow 1-181
2026-03-08 14:57:45,759 INFO o.a.j.t.JMeterThread: Thread finished: 200 Users Mixed Flow 1-181
2026-03-08 14:57:45,864 INFO o.a.j.t.JMeterThread: Thread is done: 200 Users Mixed Flow 1-182
2026-03-08 14:57:45,865 INFO o.a.j.t.JMeterThread: Thread finished: 200 Users Mixed Flow 1-182
2026-03-08 14:57:45,924 INFO o.a.j.t.JMeterThread: Thread is done: 200 Users Mixed Flow 1-107
2026-03-08 14:57:45,925 INFO o.a.j.t.JMeterThread: Thread is done: 200 Users Mixed Flow 1-117
2026-03-08 14:57:45,925 INFO o.a.j.t.JMeterThread: Thread finished: 200 Users Mixed Flow 1-107
2026-03-08 14:57:45,925 INFO o.a.j.t.JMeterThread: Thread finished: 200 Users Mixed Flow 1-117
2026-03-08 14:57:46,213 INFO o.a.j.t.JMeterThread: Thread is done: 200 Users Mixed Flow 1-183
2026-03-08 14:57:46,214 INFO o.a.j.t.JMeterThread: Thread finished: 200 Users Mixed Flow 1-183
2026-03-08 14:57:46,413 INFO o.a.j.t.JMeterThread: Thread is done: 200 Users Mixed Flow 1-126
2026-03-08 14:57:46,414 INFO o.a.j.t.JMeterThread: Thread finished: 200 Users Mixed Flow 1-126
2026-03-08 14:57:46,567 INFO o.a.j.t.JMeterThread: Thread is done: 200 Users Mixed Flow 1-184
2026-03-08 14:57:46,568 INFO o.a.j.t.JMeterThread: Thread finished: 200 Users Mixed Flow 1-184
2026-03-08 14:57:46,673 INFO o.a.j.t.JMeterThread: Thread is done: 200 Users Mixed Flow 1-95
2026-03-08 14:57:46,674 INFO o.a.j.t.JMeterThread: Thread finished: 200 Users Mixed Flow 1-95
2026-03-08 14:57:46,687 INFO o.a.j.t.JMeterThread: Thread is done: 200 Users Mixed Flow 1-185
2026-03-08 14:57:46,687 INFO o.a.j.t.JMeterThread: Thread finished: 200 Users Mixed Flow 1-185
2026-03-08 14:57:46,936 INFO o.a.j.t.JMeterThread: Thread is done: 200 Users Mixed Flow 1-128
2026-03-08 14:57:46,936 INFO o.a.j.t.JMeterThread: Thread finished: 200 Users Mixed Flow 1-128
2026-03-08 14:57:47,100 INFO o.a.j.t.JMeterThread: Thread is done: 200 Users Mixed Flow 1-186
2026-03-08 14:57:47,100 INFO o.a.j.t.JMeterThread: Thread finished: 200 Users Mixed Flow 1-186
2026-03-08 14:57:47,249 INFO o.a.j.t.JMeterThread: Thread is done: 200 Users Mixed Flow 1-187
2026-03-08 14:57:47,249 INFO o.a.j.t.JMeterThread: Thread finished: 200 Users Mixed Flow 1-187
2026-03-08 14:57:47,488 INFO o.a.j.t.JMeterThread: Thread is done: 200 Users Mixed Flow 1-129
2026-03-08 14:57:47,489 INFO o.a.j.t.JMeterThread: Thread finished: 200 Users Mixed Flow 1-129
2026-03-08 14:57:47,767 INFO o.a.j.t.JMeterThread: Thread is done: 200 Users Mixed Flow 1-188
2026-03-08 14:57:47,768 INFO o.a.j.t.JMeterThread: Thread finished: 200 Users Mixed Flow 1-188
2026-03-08 14:57:47,934 INFO o.a.j.t.JMeterThread: Thread is done: 200 Users Mixed Flow 1-189
2026-03-08 14:57:47,934 INFO o.a.j.t.JMeterThread: Thread finished: 200 Users Mixed Flow 1-189
2026-03-08 14:57:48,576 INFO o.a.j.t.JMeterThread: Thread is done: 200 Users Mixed Flow 1-190
2026-03-08 14:57:48,576 INFO o.a.j.t.JMeterThread: Thread is done: 200 Users Mixed Flow 1-191
2026-03-08 14:57:48,577 INFO o.a.j.t.JMeterThread: Thread finished: 200 Users Mixed Flow 1-190
2026-03-08 14:57:48,577 INFO o.a.j.t.JMeterThread: Thread finished: 200 Users Mixed Flow 1-191
2026-03-08 14:57:48,780 INFO o.a.j.t.JMeterThread: Thread is done: 200 Users Mixed Flow 1-139
2026-03-08 14:57:48,780 INFO o.a.j.t.JMeterThread: Thread finished: 200 Users Mixed Flow 1-139
2026-03-08 14:57:48,851 INFO o.a.j.t.JMeterThread: Thread is done: 200 Users Mixed Flow 1-111
2026-03-08 14:57:48,851 INFO o.a.j.t.JMeterThread: Thread is done: 200 Users Mixed Flow 1-192
2026-03-08 14:57:48,852 INFO o.a.j.t.JMeterThread: Thread finished: 200 Users Mixed Flow 1-111
2026-03-08 14:57:48,852 INFO o.a.j.t.JMeterThread: Thread finished: 200 Users Mixed Flow 1-192
2026-03-08 14:57:49,141 INFO o.a.j.t.JMeterThread: Thread is done: 200 Users Mixed Flow 1-193
2026-03-08 14:57:49,141 INFO o.a.j.t.JMeterThread: Thread finished: 200 Users Mixed Flow 1-193
2026-03-08 14:57:49,528 INFO o.a.j.t.JMeterThread: Thread is done: 200 Users Mixed Flow 1-194
2026-03-08 14:57:49,528 INFO o.a.j.t.JMeterThread: Thread finished: 200 Users Mixed Flow 1-194
2026-03-08 14:57:49,684 INFO o.a.j.t.JMeterThread: Thread is done: 200 Users Mixed Flow 1-102
2026-03-08 14:57:49,685 INFO o.a.j.t.JMeterThread: Thread finished: 200 Users Mixed Flow 1-102
2026-03-08 14:57:49,780 INFO o.a.j.t.JMeterThread: Thread is done: 200 Users Mixed Flow 1-195
2026-03-08 14:57:49,780 INFO o.a.j.t.JMeterThread: Thread finished: 200 Users Mixed Flow 1-195
2026-03-08 14:57:49,961 INFO o.a.j.t.JMeterThread: Thread is done: 200 Users Mixed Flow 1-196
2026-03-08 14:57:49,961 INFO o.a.j.t.JMeterThread: Thread finished: 200 Users Mixed Flow 1-196
2026-03-08 14:57:50,855 INFO o.a.j.t.JMeterThread: Thread is done: 200 Users Mixed Flow 1-198
2026-03-08 14:57:50,855 INFO o.a.j.t.JMeterThread: Thread is done: 200 Users Mixed Flow 1-197
2026-03-08 14:57:50,855 INFO o.a.j.t.JMeterThread: Thread finished: 200 Users Mixed Flow 1-198
2026-03-08 14:57:50,855 INFO o.a.j.t.JMeterThread: Thread finished: 200 Users Mixed Flow 1-197
2026-03-08 14:57:50,993 INFO o.a.j.t.JMeterThread: Thread is done: 200 Users Mixed Flow 1-199
2026-03-08 14:57:50,993 INFO o.a.j.t.JMeterThread: Thread finished: 200 Users Mixed Flow 1-199
2026-03-08 14:57:51,265 INFO o.a.j.t.JMeterThread: Thread is done: 200 Users Mixed Flow 1-200
2026-03-08 14:57:51,266 INFO o.a.j.t.JMeterThread: Thread finished: 200 Users Mixed Flow 1-200
2026-03-08 14:57:52,205 INFO o.a.j.t.JMeterThread: Thread is done: 200 Users Mixed Flow 1-116
2026-03-08 14:57:52,206 INFO o.a.j.t.JMeterThread: Thread finished: 200 Users Mixed Flow 1-116
2026-03-08 14:57:52,328 INFO o.a.j.t.JMeterThread: Thread is done: 200 Users Mixed Flow 1-125
2026-03-08 14:57:52,332 INFO o.a.j.t.JMeterThread: Thread finished: 200 Users Mixed Flow 1-125
2026-03-08 14:57:53,279 INFO o.a.j.t.JMeterThread: Thread is done: 200 Users Mixed Flow 1-134
2026-03-08 14:57:53,280 INFO o.a.j.t.JMeterThread: Thread finished: 200 Users Mixed Flow 1-134
2026-03-08 14:57:54,725 INFO o.a.j.t.JMeterThread: Thread is done: 200 Users Mixed Flow 1-124
2026-03-08 14:57:54,726 INFO o.a.j.t.JMeterThread: Thread finished: 200 Users Mixed Flow 1-124
2026-03-08 14:57:54,973 INFO o.a.j.t.JMeterThread: Thread is done: 200 Users Mixed Flow 1-121
2026-03-08 14:57:54,974 INFO o.a.j.t.JMeterThread: Thread finished: 200 Users Mixed Flow 1-121
2026-03-08 14:57:56,738 INFO o.a.j.t.JMeterThread: Thread is done: 200 Users Mixed Flow 1-130
2026-03-08 14:57:56,739 INFO o.a.j.t.JMeterThread: Thread finished: 200 Users Mixed Flow 1-130
2026-03-08 14:57:57,240 INFO o.a.j.t.JMeterThread: Thread is done: 200 Users Mixed Flow 1-127
2026-03-08 14:57:57,240 INFO o.a.j.t.JMeterThread: Thread finished: 200 Users Mixed Flow 1-127
2026-03-08 14:57:58,398 INFO o.a.j.t.JMeterThread: Thread is done: 200 Users Mixed Flow 1-138
2026-03-08 14:57:58,398 INFO o.a.j.t.JMeterThread: Thread finished: 200 Users Mixed Flow 1-138
2026-03-08 14:57:59,031 INFO o.a.j.t.JMeterThread: Thread is done: 200 Users Mixed Flow 1-133
2026-03-08 14:57:59,031 INFO o.a.j.t.JMeterThread: Thread finished: 200 Users Mixed Flow 1-133
2026-03-08 14:57:59,077 INFO o.a.j.t.JMeterThread: Thread is done: 200 Users Mixed Flow 1-137
2026-03-08 14:57:59,077 INFO o.a.j.t.JMeterThread: Thread finished: 200 Users Mixed Flow 1-137
2026-03-08 14:57:59,655 INFO o.a.j.t.JMeterThread: Thread is done: 200 Users Mixed Flow 1-142
2026-03-08 14:57:59,655 INFO o.a.j.t.JMeterThread: Thread finished: 200 Users Mixed Flow 1-142
2026-03-08 14:58:00,109 INFO o.a.j.r.Summariser: summary +   1077 in 00:00:30 =   35.9/s Avg:     6 Min:     1 Max:    16 Err:     0 (0.00%) Active: 36 Started: 200 Finished: 164
2026-03-08 14:58:00,111 INFO o.a.j.r.Summariser: summary =  23791 in 00:05:10 =   76.7/s Avg:     8 Min:     0 Max:  1369 Err:     0 (0.00%)
2026-03-08 14:58:30,050 INFO o.a.j.r.Summariser: summary +    392 in 00:00:30 =   13.1/s Avg:     6 Min:     0 Max:    18 Err:     0 (0.00%) Active: 36 Started: 200 Finished: 164
2026-03-08 14:58:30,053 INFO o.a.j.r.Summariser: summary =  24183 in 00:05:40 =   71.1/s Avg:     8 Min:     0 Max:  1369 Err:     0 (0.00%)
2026-03-08 14:59:00,139 INFO o.a.j.r.Summariser: summary +    449 in 00:00:30 =   14.9/s Avg:     5 Min:     1 Max:    16 Err:     0 (0.00%) Active: 36 Started: 200 Finished: 164
2026-03-08 14:59:00,143 INFO o.a.j.r.Summariser: summary =  24632 in 00:06:10 =   66.6/s Avg:     8 Min:     0 Max:  1369 Err:     0 (0.00%)
2026-03-08 14:59:12,743 INFO o.a.j.t.JMeterThread: Thread is done: 200 Users Mixed Flow 1-2
2026-03-08 14:59:12,743 INFO o.a.j.t.JMeterThread: Thread is done: 200 Users Mixed Flow 1-4
2026-03-08 14:59:12,744 INFO o.a.j.t.JMeterThread: Thread finished: 200 Users Mixed Flow 1-2
2026-03-08 14:59:12,744 INFO o.a.j.t.JMeterThread: Thread finished: 200 Users Mixed Flow 1-4
2026-03-08 14:59:13,400 INFO o.a.j.t.JMeterThread: Thread is done: 200 Users Mixed Flow 1-14
2026-03-08 14:59:13,409 INFO o.a.j.t.JMeterThread: Thread finished: 200 Users Mixed Flow 1-14
2026-03-08 14:59:15,837 INFO o.a.j.t.JMeterThread: Thread is done: 200 Users Mixed Flow 1-22
2026-03-08 14:59:15,845 INFO o.a.j.t.JMeterThread: Thread finished: 200 Users Mixed Flow 1-22
2026-03-08 14:59:16,222 INFO o.a.j.t.JMeterThread: Thread is done: 200 Users Mixed Flow 1-23
2026-03-08 14:59:16,224 INFO o.a.j.t.JMeterThread: Thread finished: 200 Users Mixed Flow 1-23
2026-03-08 14:59:17,289 INFO o.a.j.t.JMeterThread: Thread is done: 200 Users Mixed Flow 1-26
2026-03-08 14:59:17,289 INFO o.a.j.t.JMeterThread: Thread finished: 200 Users Mixed Flow 1-26
2026-03-08 14:59:20,055 INFO o.a.j.t.JMeterThread: Thread is done: 200 Users Mixed Flow 1-36
2026-03-08 14:59:20,055 INFO o.a.j.t.JMeterThread: Thread finished: 200 Users Mixed Flow 1-36
2026-03-08 14:59:20,867 INFO o.a.j.t.JMeterThread: Thread is done: 200 Users Mixed Flow 1-39
2026-03-08 14:59:20,867 INFO o.a.j.t.JMeterThread: Thread finished: 200 Users Mixed Flow 1-39
2026-03-08 14:59:21,308 INFO o.a.j.t.JMeterThread: Thread is done: 200 Users Mixed Flow 1-40
2026-03-08 14:59:21,308 INFO o.a.j.t.JMeterThread: Thread finished: 200 Users Mixed Flow 1-40
2026-03-08 14:59:22,252 INFO o.a.j.t.JMeterThread: Thread is done: 200 Users Mixed Flow 1-43
2026-03-08 14:59:22,252 INFO o.a.j.t.JMeterThread: Thread finished: 200 Users Mixed Flow 1-43
2026-03-08 14:59:23,035 INFO o.a.j.t.JMeterThread: Thread is done: 200 Users Mixed Flow 1-46
2026-03-08 14:59:23,036 INFO o.a.j.t.JMeterThread: Thread finished: 200 Users Mixed Flow 1-46
2026-03-08 14:59:23,317 INFO o.a.j.t.JMeterThread: Thread is done: 200 Users Mixed Flow 1-47
2026-03-08 14:59:23,318 INFO o.a.j.t.JMeterThread: Thread finished: 200 Users Mixed Flow 1-47
2026-03-08 14:59:23,640 INFO o.a.j.t.JMeterThread: Thread is done: 200 Users Mixed Flow 1-48
2026-03-08 14:59:23,640 INFO o.a.j.t.JMeterThread: Thread finished: 200 Users Mixed Flow 1-48
2026-03-08 14:59:24,374 INFO o.a.j.t.JMeterThread: Thread is done: 200 Users Mixed Flow 1-50
2026-03-08 14:59:24,375 INFO o.a.j.t.JMeterThread: Thread finished: 200 Users Mixed Flow 1-50
2026-03-08 14:59:25,461 INFO o.a.j.t.JMeterThread: Thread is done: 200 Users Mixed Flow 1-54
2026-03-08 14:59:25,462 INFO o.a.j.t.JMeterThread: Thread finished: 200 Users Mixed Flow 1-54
2026-03-08 14:59:27,336 INFO o.a.j.t.JMeterThread: Thread is done: 200 Users Mixed Flow 1-60
2026-03-08 14:59:27,337 INFO o.a.j.t.JMeterThread: Thread finished: 200 Users Mixed Flow 1-60
2026-03-08 14:59:29,966 INFO o.a.j.t.JMeterThread: Thread is done: 200 Users Mixed Flow 1-69
2026-03-08 14:59:29,966 INFO o.a.j.t.JMeterThread: Thread finished: 200 Users Mixed Flow 1-69
2026-03-08 14:59:30,335 INFO o.a.j.t.JMeterThread: Thread is done: 200 Users Mixed Flow 1-70
2026-03-08 14:59:30,336 INFO o.a.j.t.JMeterThread: Thread finished: 200 Users Mixed Flow 1-70
2026-03-08 14:59:30,337 INFO o.a.j.r.Summariser: summary +    397 in 00:00:30 =   13.1/s Avg:     6 Min:     2 Max:    19 Err:     0 (0.00%) Active: 18 Started: 200 Finished: 182
2026-03-08 14:59:30,339 INFO o.a.j.r.Summariser: summary =  25029 in 00:06:40 =   62.5/s Avg:     8 Min:     0 Max:  1369 Err:     0 (0.00%)
2026-03-08 14:59:32,347 INFO o.a.j.t.JMeterThread: Thread is done: 200 Users Mixed Flow 1-76
2026-03-08 14:59:32,348 INFO o.a.j.t.JMeterThread: Thread finished: 200 Users Mixed Flow 1-76
2026-03-08 14:59:32,548 INFO o.a.j.t.JMeterThread: Thread is done: 200 Users Mixed Flow 1-78
2026-03-08 14:59:32,548 INFO o.a.j.t.JMeterThread: Thread finished: 200 Users Mixed Flow 1-78
2026-03-08 14:59:36,373 INFO o.a.j.t.JMeterThread: Thread is done: 200 Users Mixed Flow 1-90
2026-03-08 14:59:36,374 INFO o.a.j.t.JMeterThread: Thread finished: 200 Users Mixed Flow 1-90
2026-03-08 14:59:36,880 INFO o.a.j.t.JMeterThread: Thread is done: 200 Users Mixed Flow 1-92
2026-03-08 14:59:36,880 INFO o.a.j.t.JMeterThread: Thread finished: 200 Users Mixed Flow 1-92
2026-03-08 14:59:38,444 INFO o.a.j.t.JMeterThread: Thread is done: 200 Users Mixed Flow 1-97
2026-03-08 14:59:38,445 INFO o.a.j.t.JMeterThread: Thread finished: 200 Users Mixed Flow 1-97
2026-03-08 14:59:38,584 INFO o.a.j.t.JMeterThread: Thread is done: 200 Users Mixed Flow 1-98
2026-03-08 14:59:38,587 INFO o.a.j.t.JMeterThread: Thread finished: 200 Users Mixed Flow 1-98
2026-03-08 14:59:38,962 INFO o.a.j.t.JMeterThread: Thread is done: 200 Users Mixed Flow 1-99
2026-03-08 14:59:38,963 INFO o.a.j.t.JMeterThread: Thread finished: 200 Users Mixed Flow 1-99
2026-03-08 14:59:39,426 INFO o.a.j.t.JMeterThread: Thread is done: 200 Users Mixed Flow 1-100
2026-03-08 14:59:39,427 INFO o.a.j.t.JMeterThread: Thread finished: 200 Users Mixed Flow 1-100
2026-03-08 14:59:40,454 INFO o.a.j.t.JMeterThread: Thread is done: 200 Users Mixed Flow 1-104
2026-03-08 14:59:40,455 INFO o.a.j.t.JMeterThread: Thread finished: 200 Users Mixed Flow 1-104
2026-03-08 14:59:41,870 INFO o.a.j.t.JMeterThread: Thread is done: 200 Users Mixed Flow 1-109
2026-03-08 14:59:41,871 INFO o.a.j.t.JMeterThread: Thread finished: 200 Users Mixed Flow 1-109
2026-03-08 14:59:42,914 INFO o.a.j.t.JMeterThread: Thread is done: 200 Users Mixed Flow 1-112
2026-03-08 14:59:42,915 INFO o.a.j.t.JMeterThread: Thread finished: 200 Users Mixed Flow 1-112
2026-03-08 14:59:43,746 INFO o.a.j.t.JMeterThread: Thread is done: 200 Users Mixed Flow 1-115
2026-03-08 14:59:43,746 INFO o.a.j.t.JMeterThread: Thread finished: 200 Users Mixed Flow 1-115
2026-03-08 14:59:45,808 INFO o.a.j.t.JMeterThread: Thread is done: 200 Users Mixed Flow 1-122
2026-03-08 14:59:45,809 INFO o.a.j.t.JMeterThread: Thread finished: 200 Users Mixed Flow 1-122
2026-03-08 14:59:48,951 INFO o.a.j.t.JMeterThread: Thread is done: 200 Users Mixed Flow 1-132
2026-03-08 14:59:48,952 INFO o.a.j.t.JMeterThread: Thread finished: 200 Users Mixed Flow 1-132
2026-03-08 14:59:49,810 INFO o.a.j.t.JMeterThread: Thread is done: 200 Users Mixed Flow 1-135
2026-03-08 14:59:49,810 INFO o.a.j.t.JMeterThread: Thread finished: 200 Users Mixed Flow 1-135
2026-03-08 14:59:50,190 INFO o.a.j.t.JMeterThread: Thread is done: 200 Users Mixed Flow 1-136
2026-03-08 14:59:50,191 INFO o.a.j.t.JMeterThread: Thread finished: 200 Users Mixed Flow 1-136
2026-03-08 14:59:51,499 INFO o.a.j.t.JMeterThread: Thread is done: 200 Users Mixed Flow 1-140
2026-03-08 14:59:51,500 INFO o.a.j.t.JMeterThread: Thread finished: 200 Users Mixed Flow 1-140
2026-03-08 14:59:51,744 INFO o.a.j.t.JMeterThread: Thread is done: 200 Users Mixed Flow 1-141
2026-03-08 14:59:51,744 INFO o.a.j.t.JMeterThread: Thread finished: 200 Users Mixed Flow 1-141
2026-03-08 14:59:51,747 INFO o.a.j.e.StandardJMeterEngine: Notifying test listeners of end of test
2026-03-08 14:59:51,747 INFO o.a.j.s.FileServer: Close: perf/jmeter/users.csv
2026-03-08 14:59:51,788 INFO o.a.j.r.Summariser: summary +    103 in 00:00:21 =    4.8/s Avg:     6 Min:     2 Max:    10 Err:     0 (0.00%) Active: 0 Started: 200 Finished: 200
2026-03-08 14:59:51,788 INFO o.a.j.r.Summariser: summary =  25132 in 00:07:02 =   59.6/s Avg:     8 Min:     0 Max:  1369 Err:     0 (0.00%)
2026-03-08 14:59:51,792 INFO o.a.j.JMeter: Generating Dashboard
2026-03-08 14:59:51,792 INFO o.a.j.r.d.ReportGenerator: Flushing result collector before report Generation
2026-03-08 14:59:51,846 INFO o.a.j.r.p.NormalizerSampleConsumer: Using format, 'ms', to parse timeStamp field
2026-03-08 14:59:52,920 INFO o.a.j.r.p.AbstractSampleConsumer: class org.apache.jmeter.report.processor.AggregateConsumer#stopProducing(): beginDate produced 0 samples
2026-03-08 14:59:52,920 INFO o.a.j.r.p.AbstractSampleConsumer: class org.apache.jmeter.report.processor.AggregateConsumer#stopProducing(): endDate produced 0 samples
2026-03-08 14:59:52,923 INFO o.a.j.r.p.AbstractSampleConsumer: class org.apache.jmeter.report.processor.ApdexSummaryConsumer#stopProducing(): apdexSummary produced 0 samples
2026-03-08 14:59:52,923 INFO o.a.j.r.p.AbstractSampleConsumer: class org.apache.jmeter.report.processor.RequestsSummaryConsumer#stopProducing(): requestsSummary produced 0 samples
2026-03-08 14:59:52,945 INFO o.a.j.r.p.AbstractSampleConsumer: class org.apache.jmeter.report.processor.StatisticsSummaryConsumer#stopProducing(): statisticsSummary produced 0 samples
2026-03-08 14:59:52,953 INFO o.a.j.r.p.AbstractSampleConsumer: class org.apache.jmeter.report.processor.Top5ErrorsBySamplerConsumer#stopProducing(): top5ErrorsBySampler produced 0 samples
2026-03-08 14:59:52,953 INFO o.a.j.r.p.AbstractSampleConsumer: class org.apache.jmeter.report.processor.ErrorsSummaryConsumer#stopProducing(): errorsSummary produced 0 samples
2026-03-08 14:59:52,953 INFO o.a.j.r.p.AbstractSampleConsumer: class org.apache.jmeter.report.processor.graph.impl.HitsPerSecondGraphConsumer#stopProducing(): hitsPerSecond produced 0 samples
2026-03-08 14:59:53,265 INFO o.a.j.r.p.AbstractSampleConsumer: class org.apache.jmeter.report.processor.graph.impl.LatencyVSRequestGraphConsumer#stopProducing(): latencyVsRequest produced 0 samples
2026-03-08 14:59:53,272 INFO o.a.j.r.p.AbstractSampleConsumer: class org.apache.jmeter.report.processor.graph.impl.SyntheticResponseTimeDistributionGraphConsumer#stopProducing(): syntheticResponseTimeDistribution produced 0 samples
2026-03-08 14:59:53,274 INFO o.a.j.r.p.AbstractSampleConsumer: class org.apache.jmeter.report.processor.graph.impl.BytesThroughputGraphConsumer#stopProducing(): bytesThroughputOverTime produced 0 samples
2026-03-08 14:59:53,274 INFO o.a.j.r.p.AbstractSampleConsumer: class org.apache.jmeter.report.processor.graph.impl.CodesPerSecondGraphConsumer#stopProducing(): codesPerSecond produced 0 samples
2026-03-08 14:59:53,536 INFO o.a.j.r.p.AbstractSampleConsumer: class org.apache.jmeter.report.processor.graph.impl.ResponseTimeVSRequestGraphConsumer#stopProducing(): responseTimeVsRequest produced 0 samples
2026-03-08 14:59:53,540 INFO o.a.j.r.p.AbstractSampleConsumer: class org.apache.jmeter.report.processor.FilterConsumer#stopProducing(): startIntervalControlerFilter produced 175924 samples
2026-03-08 14:59:53,541 INFO o.a.j.r.p.AbstractSampleConsumer: class org.apache.jmeter.report.processor.graph.impl.TotalTPSGraphConsumer#stopProducing(): totalTPS produced 0 samples
2026-03-08 14:59:53,541 INFO o.a.j.r.p.AbstractSampleConsumer: class org.apache.jmeter.report.processor.graph.impl.ActiveThreadsGraphConsumer#stopProducing(): activeThreadsOverTime produced 0 samples
2026-03-08 14:59:53,541 INFO o.a.j.r.p.AbstractSampleConsumer: class org.apache.jmeter.report.processor.graph.impl.TimeVSThreadGraphConsumer#stopProducing(): timeVsThreads produced 0 samples
2026-03-08 14:59:53,548 INFO o.a.j.r.p.AbstractSampleConsumer: class org.apache.jmeter.report.processor.graph.impl.ResponseTimeDistributionGraphConsumer#stopProducing(): responseTimeDistribution produced 0 samples
2026-03-08 14:59:53,548 INFO o.a.j.r.p.AbstractSampleConsumer: class org.apache.jmeter.report.processor.graph.impl.TransactionsPerSecondGraphConsumer#stopProducing(): transactionsPerSecond produced 0 samples
2026-03-08 14:59:53,548 INFO o.a.j.r.p.AbstractSampleConsumer: class org.apache.jmeter.report.processor.graph.impl.ResponseTimePercentilesGraphConsumer#stopProducing(): responseTimePercentiles produced 0 samples
2026-03-08 14:59:53,557 INFO o.a.j.r.p.AbstractSampleConsumer: class org.apache.jmeter.report.processor.graph.impl.ResponseTimePercentilesOverTimeGraphConsumer#stopProducing(): responseTimePercentilesOverTime produced 0 samples
2026-03-08 14:59:53,563 INFO o.a.j.r.p.AbstractSampleConsumer: class org.apache.jmeter.report.processor.graph.impl.ResponseTimeOverTimeGraphConsumer#stopProducing(): responseTimesOverTime produced 0 samples
2026-03-08 14:59:53,563 INFO o.a.j.r.p.AbstractSampleConsumer: class org.apache.jmeter.report.processor.graph.impl.ConnectTimeOverTimeGraphConsumer#stopProducing(): connectTimeOverTime produced 0 samples
2026-03-08 14:59:53,563 INFO o.a.j.r.p.AbstractSampleConsumer: class org.apache.jmeter.report.processor.graph.impl.LatencyOverTimeGraphConsumer#stopProducing(): latenciesOverTime produced 0 samples
2026-03-08 14:59:53,563 INFO o.a.j.r.p.AbstractSampleConsumer: class org.apache.jmeter.report.processor.FilterConsumer#stopProducing(): nameFilter produced 376980 samples
2026-03-08 14:59:53,563 INFO o.a.j.r.p.AbstractSampleConsumer: class org.apache.jmeter.report.processor.FilterConsumer#stopProducing(): dateRangeFilter produced 75396 samples
2026-03-08 14:59:53,563 INFO o.a.j.r.p.AbstractSampleConsumer: class org.apache.jmeter.report.processor.NormalizerSampleConsumer#stopProducing(): normalizer produced 25132 samples
2026-03-08 14:59:53,565 INFO o.a.j.r.p.CsvFileSampleSource: produce(): 25132 samples produced in 1s 679 ms on channel 0
2026-03-08 14:59:53,565 INFO o.a.j.r.d.ReportGenerator: Exporting data using exporter:'json' of className:'org.apache.jmeter.report.dashboard.JsonExporter'
2026-03-08 14:59:53,644 INFO o.a.j.r.d.JsonExporter: Found data for consumer statisticsSummary in context
2026-03-08 14:59:53,644 INFO o.a.j.r.d.JsonExporter: Creating statistics for overall
2026-03-08 14:59:53,646 INFO o.a.j.r.d.JsonExporter: Creating statistics for other transactions
2026-03-08 14:59:53,646 INFO o.a.j.r.d.JsonExporter: Checking output folder
2026-03-08 14:59:53,648 INFO o.a.j.r.d.JsonExporter: Writing statistics JSON to /Users/hyosik981010/Desktop/study/ticket/perf/jmeter/report-queue-slot-mixed/statistics.json
2026-03-08 14:59:53,721 INFO o.a.j.r.d.ReportGenerator: Exporting data using exporter:'html' of className:'org.apache.jmeter.report.dashboard.HtmlTemplateExporter'
2026-03-08 14:59:53,729 INFO o.a.j.r.d.HtmlTemplateExporter: Will generate dashboard in folder: /Users/hyosik981010/Desktop/study/ticket/perf/jmeter/report-queue-slot-mixed
2026-03-08 14:59:54,224 INFO o.a.j.r.d.HtmlTemplateExporter: Report will be generated in: /Users/hyosik981010/Desktop/study/ticket/perf/jmeter/report-queue-slot-mixed, creating folder structure
2026-03-08 14:59:54,277 INFO o.a.j.r.d.TemplateVisitor: Copying folder from '/usr/local/Cellar/jmeter/5.6.3/libexec/bin/report-template' to '/Users/hyosik981010/Desktop/study/ticket/perf/jmeter/report-queue-slot-mixed', got message: /Users/hyosik981010/Desktop/study/ticket/perf/jmeter/report-queue-slot-mixed, found non empty folder with following content [/Users/hyosik981010/Desktop/study/ticket/perf/jmeter/report-queue-slot-mixed/statistics.json], will be ignored
2026-03-08 14:59:55,902 INFO o.a.j.JMeter: Dashboard generated
